
*** Running vivado
    with args -log design_1_axis_clock_converter_0_8.vds -m64 -product Vivado -mode batch -messageDb vivado.pb -notrace -source design_1_axis_clock_converter_0_8.tcl


****** Vivado v2019.2 (64-bit)
  **** SW Build 2708876 on Wed Nov  6 21:39:14 MST 2019
  **** IP Build 2700528 on Thu Nov  7 00:09:20 MST 2019
    ** Copyright 1986-2019 Xilinx, Inc. All Rights Reserved.

source design_1_axis_clock_converter_0_8.tcl -notrace
Command: synth_design -top design_1_axis_clock_converter_0_8 -part xczu28dr-ffvg1517-2-e -mode out_of_context
Starting synth_design
Attempting to get a license for feature 'Synthesis' and/or device 'xczu28dr'
INFO: [Common 17-349] Got license for feature 'Synthesis' and/or device 'xczu28dr'
INFO: [Common 17-1540] The version limit for your license is '2020.05' and has expired for new software. A version limit expiration means that, although you may be able to continue to use the current version of tools or IP with this license, you will not be eligible for any updates or new releases.
INFO: [Device 21-403] Loading part xczu28dr-ffvg1517-2-e
INFO: Launching helper process for spawning children vivado processes
INFO: Helper process launched with PID 338326 
load diablo GTM unisim library
---------------------------------------------------------------------------------
Starting RTL Elaboration : Time (s): cpu = 00:00:02 ; elapsed = 00:00:02 . Memory (MB): peak = 2468.328 ; gain = 148.688 ; free physical = 39600 ; free virtual = 109451
---------------------------------------------------------------------------------
INFO: [Synth 8-6157] synthesizing module 'design_1_axis_clock_converter_0_8' [/home/wisig/Videos/MTS/RFSoC-MTS/mts/mts.srcs/sources_1/bd/design_1/ip/design_1_axis_clock_converter_0_8/synth/design_1_axis_clock_converter_0_8.v:58]
INFO: [Synth 8-6157] synthesizing module 'axis_clock_converter_v1_1_21_axis_clock_converter' [/home/wisig/Videos/MTS/RFSoC-MTS/mts/mts.srcs/sources_1/bd/design_1/ipshared/5a68/hdl/axis_clock_converter_v1_1_vl_rfs.v:925]
	Parameter C_FAMILY bound to: zynquplus - type: string 
	Parameter C_AXIS_TDATA_WIDTH bound to: 256 - type: integer 
	Parameter C_AXIS_TID_WIDTH bound to: 1 - type: integer 
	Parameter C_AXIS_TDEST_WIDTH bound to: 1 - type: integer 
	Parameter C_AXIS_TUSER_WIDTH bound to: 1 - type: integer 
	Parameter C_AXIS_SIGNAL_SET bound to: 32'b00000000000000000000000000000011 
	Parameter C_IS_ACLK_ASYNC bound to: 0 - type: integer 
	Parameter C_SYNCHRONIZER_STAGE bound to: 2 - type: integer 
	Parameter C_S_AXIS_ACLK_RATIO bound to: 1 - type: integer 
	Parameter C_M_AXIS_ACLK_RATIO bound to: 2 - type: integer 
	Parameter C_ACLKEN_CONV_MODE bound to: 0 - type: integer 
	Parameter G_INDX_SS_TREADY bound to: 0 - type: integer 
	Parameter G_INDX_SS_TDATA bound to: 1 - type: integer 
	Parameter G_INDX_SS_TSTRB bound to: 2 - type: integer 
	Parameter G_INDX_SS_TKEEP bound to: 3 - type: integer 
	Parameter G_INDX_SS_TLAST bound to: 4 - type: integer 
	Parameter G_INDX_SS_TID bound to: 5 - type: integer 
	Parameter G_INDX_SS_TDEST bound to: 6 - type: integer 
	Parameter G_INDX_SS_TUSER bound to: 7 - type: integer 
	Parameter G_MASK_SS_TREADY bound to: 1 - type: integer 
	Parameter G_MASK_SS_TDATA bound to: 2 - type: integer 
	Parameter G_MASK_SS_TSTRB bound to: 4 - type: integer 
	Parameter G_MASK_SS_TKEEP bound to: 8 - type: integer 
	Parameter G_MASK_SS_TLAST bound to: 16 - type: integer 
	Parameter G_MASK_SS_TID bound to: 32 - type: integer 
	Parameter G_MASK_SS_TDEST bound to: 64 - type: integer 
	Parameter G_MASK_SS_TUSER bound to: 128 - type: integer 
	Parameter G_TASK_SEVERITY_ERR bound to: 2 - type: integer 
	Parameter G_TASK_SEVERITY_WARNING bound to: 1 - type: integer 
	Parameter G_TASK_SEVERITY_INFO bound to: 0 - type: integer 
	Parameter LP_S_ACLKEN_CAN_TOGGLE bound to: 0 - type: integer 
	Parameter LP_M_ACLKEN_CAN_TOGGLE bound to: 0 - type: integer 
	Parameter P_FIFO_DEPTH bound to: 32 - type: integer 
	Parameter P_S_AXIS_ACLK_RATIO bound to: 1 - type: integer 
	Parameter P_M_AXIS_ACLK_RATIO bound to: 2 - type: integer 
	Parameter P_INST_ASYNC_CONV bound to: 0 - type: integer 
	Parameter P_TPAYLOAD_WIDTH bound to: 256 - type: integer 
	Parameter P_SAMPLE_CYCLE_RATIO bound to: 2 - type: integer 
INFO: [Synth 8-6157] synthesizing module 'axis_clock_converter_v1_1_21_axisc_sample_cycle_ratio' [/home/wisig/Videos/MTS/RFSoC-MTS/mts/mts.srcs/sources_1/bd/design_1/ipshared/5a68/hdl/axis_clock_converter_v1_1_vl_rfs.v:774]
	Parameter C_RATIO bound to: 2 - type: integer 
	Parameter P_DELAY bound to: 1 - type: integer 
INFO: [Synth 8-5534] Detected attribute (* shreg_extract = "no" *) [/home/wisig/Videos/MTS/RFSoC-MTS/mts/mts.srcs/sources_1/bd/design_1/ipshared/5a68/hdl/axis_clock_converter_v1_1_vl_rfs.v:807]
INFO: [Synth 8-6155] done synthesizing module 'axis_clock_converter_v1_1_21_axisc_sample_cycle_ratio' (1#1) [/home/wisig/Videos/MTS/RFSoC-MTS/mts/mts.srcs/sources_1/bd/design_1/ipshared/5a68/hdl/axis_clock_converter_v1_1_vl_rfs.v:774]
INFO: [Synth 8-6157] synthesizing module 'axis_clock_converter_v1_1_21_axisc_sync_clock_converter' [/home/wisig/Videos/MTS/RFSoC-MTS/mts/mts.srcs/sources_1/bd/design_1/ipshared/5a68/hdl/axis_clock_converter_v1_1_vl_rfs.v:63]
	Parameter C_FAMILY bound to: zynquplus - type: string 
	Parameter C_PAYLOAD_WIDTH bound to: 256 - type: integer 
	Parameter C_S_ACLK_RATIO bound to: 1 - type: integer 
	Parameter C_M_ACLK_RATIO bound to: 2 - type: integer 
	Parameter C_MODE bound to: 1 - type: integer 
	Parameter ZERO bound to: 2'b10 
	Parameter ONE bound to: 2'b11 
	Parameter FULL bound to: 2'b01 
	Parameter INIT bound to: 2'b00 
	Parameter P_LIGHT_WT bound to: 0 - type: integer 
	Parameter P_FULLY_REG bound to: 1 - type: integer 
INFO: [Synth 8-226] default block is never used [/home/wisig/Videos/MTS/RFSoC-MTS/mts/mts.srcs/sources_1/bd/design_1/ipshared/5a68/hdl/axis_clock_converter_v1_1_vl_rfs.v:230]
INFO: [Synth 8-6155] done synthesizing module 'axis_clock_converter_v1_1_21_axisc_sync_clock_converter' (2#1) [/home/wisig/Videos/MTS/RFSoC-MTS/mts/mts.srcs/sources_1/bd/design_1/ipshared/5a68/hdl/axis_clock_converter_v1_1_vl_rfs.v:63]
INFO: [Synth 8-6157] synthesizing module 'axis_infrastructure_v1_1_0_util_axis2vector' [/home/wisig/Videos/MTS/RFSoC-MTS/mts/mts.srcs/sources_1/bd/design_1/ipshared/8713/hdl/axis_infrastructure_v1_1_vl_rfs.v:810]
	Parameter C_TDATA_WIDTH bound to: 256 - type: integer 
	Parameter C_TID_WIDTH bound to: 1 - type: integer 
	Parameter C_TDEST_WIDTH bound to: 1 - type: integer 
	Parameter C_TUSER_WIDTH bound to: 1 - type: integer 
	Parameter C_TPAYLOAD_WIDTH bound to: 256 - type: integer 
	Parameter C_SIGNAL_SET bound to: 32'b00000000000000000000000000000011 
	Parameter G_INDX_SS_TREADY bound to: 0 - type: integer 
	Parameter G_INDX_SS_TDATA bound to: 1 - type: integer 
	Parameter G_INDX_SS_TSTRB bound to: 2 - type: integer 
	Parameter G_INDX_SS_TKEEP bound to: 3 - type: integer 
	Parameter G_INDX_SS_TLAST bound to: 4 - type: integer 
	Parameter G_INDX_SS_TID bound to: 5 - type: integer 
	Parameter G_INDX_SS_TDEST bound to: 6 - type: integer 
	Parameter G_INDX_SS_TUSER bound to: 7 - type: integer 
	Parameter G_MASK_SS_TREADY bound to: 1 - type: integer 
	Parameter G_MASK_SS_TDATA bound to: 2 - type: integer 
	Parameter G_MASK_SS_TSTRB bound to: 4 - type: integer 
	Parameter G_MASK_SS_TKEEP bound to: 8 - type: integer 
	Parameter G_MASK_SS_TLAST bound to: 16 - type: integer 
	Parameter G_MASK_SS_TID bound to: 32 - type: integer 
	Parameter G_MASK_SS_TDEST bound to: 64 - type: integer 
	Parameter G_MASK_SS_TUSER bound to: 128 - type: integer 
	Parameter G_TASK_SEVERITY_ERR bound to: 2 - type: integer 
	Parameter G_TASK_SEVERITY_WARNING bound to: 1 - type: integer 
	Parameter G_TASK_SEVERITY_INFO bound to: 0 - type: integer 
	Parameter P_TDATA_INDX bound to: 0 - type: integer 
	Parameter P_TSTRB_INDX bound to: 256 - type: integer 
	Parameter P_TKEEP_INDX bound to: 256 - type: integer 
	Parameter P_TLAST_INDX bound to: 256 - type: integer 
	Parameter P_TID_INDX bound to: 256 - type: integer 
	Parameter P_TDEST_INDX bound to: 256 - type: integer 
	Parameter P_TUSER_INDX bound to: 256 - type: integer 
INFO: [Synth 8-6155] done synthesizing module 'axis_infrastructure_v1_1_0_util_axis2vector' (3#1) [/home/wisig/Videos/MTS/RFSoC-MTS/mts/mts.srcs/sources_1/bd/design_1/ipshared/8713/hdl/axis_infrastructure_v1_1_vl_rfs.v:810]
INFO: [Synth 8-6157] synthesizing module 'axis_infrastructure_v1_1_0_util_vector2axis' [/home/wisig/Videos/MTS/RFSoC-MTS/mts/mts.srcs/sources_1/bd/design_1/ipshared/8713/hdl/axis_infrastructure_v1_1_vl_rfs.v:992]
	Parameter C_TDATA_WIDTH bound to: 256 - type: integer 
	Parameter C_TID_WIDTH bound to: 1 - type: integer 
	Parameter C_TDEST_WIDTH bound to: 1 - type: integer 
	Parameter C_TUSER_WIDTH bound to: 1 - type: integer 
	Parameter C_TPAYLOAD_WIDTH bound to: 256 - type: integer 
	Parameter C_SIGNAL_SET bound to: 32'b00000000000000000000000000000011 
	Parameter G_INDX_SS_TREADY bound to: 0 - type: integer 
	Parameter G_INDX_SS_TDATA bound to: 1 - type: integer 
	Parameter G_INDX_SS_TSTRB bound to: 2 - type: integer 
	Parameter G_INDX_SS_TKEEP bound to: 3 - type: integer 
	Parameter G_INDX_SS_TLAST bound to: 4 - type: integer 
	Parameter G_INDX_SS_TID bound to: 5 - type: integer 
	Parameter G_INDX_SS_TDEST bound to: 6 - type: integer 
	Parameter G_INDX_SS_TUSER bound to: 7 - type: integer 
	Parameter G_MASK_SS_TREADY bound to: 1 - type: integer 
	Parameter G_MASK_SS_TDATA bound to: 2 - type: integer 
	Parameter G_MASK_SS_TSTRB bound to: 4 - type: integer 
	Parameter G_MASK_SS_TKEEP bound to: 8 - type: integer 
	Parameter G_MASK_SS_TLAST bound to: 16 - type: integer 
	Parameter G_MASK_SS_TID bound to: 32 - type: integer 
	Parameter G_MASK_SS_TDEST bound to: 64 - type: integer 
	Parameter G_MASK_SS_TUSER bound to: 128 - type: integer 
	Parameter G_TASK_SEVERITY_ERR bound to: 2 - type: integer 
	Parameter G_TASK_SEVERITY_WARNING bound to: 1 - type: integer 
	Parameter G_TASK_SEVERITY_INFO bound to: 0 - type: integer 
	Parameter P_TDATA_INDX bound to: 0 - type: integer 
	Parameter P_TSTRB_INDX bound to: 256 - type: integer 
	Parameter P_TKEEP_INDX bound to: 256 - type: integer 
	Parameter P_TLAST_INDX bound to: 256 - type: integer 
	Parameter P_TID_INDX bound to: 256 - type: integer 
	Parameter P_TDEST_INDX bound to: 256 - type: integer 
	Parameter P_TUSER_INDX bound to: 256 - type: integer 
INFO: [Synth 8-6155] done synthesizing module 'axis_infrastructure_v1_1_0_util_vector2axis' (4#1) [/home/wisig/Videos/MTS/RFSoC-MTS/mts/mts.srcs/sources_1/bd/design_1/ipshared/8713/hdl/axis_infrastructure_v1_1_vl_rfs.v:992]
INFO: [Synth 8-6155] done synthesizing module 'axis_clock_converter_v1_1_21_axis_clock_converter' (5#1) [/home/wisig/Videos/MTS/RFSoC-MTS/mts/mts.srcs/sources_1/bd/design_1/ipshared/5a68/hdl/axis_clock_converter_v1_1_vl_rfs.v:925]
INFO: [Synth 8-6155] done synthesizing module 'design_1_axis_clock_converter_0_8' (6#1) [/home/wisig/Videos/MTS/RFSoC-MTS/mts/mts.srcs/sources_1/bd/design_1/ip/design_1_axis_clock_converter_0_8/synth/design_1_axis_clock_converter_0_8.v:58]
WARNING: [Synth 8-3331] design axis_infrastructure_v1_1_0_util_axis2vector has unconnected port TSTRB[31]
WARNING: [Synth 8-3331] design axis_infrastructure_v1_1_0_util_axis2vector has unconnected port TSTRB[30]
WARNING: [Synth 8-3331] design axis_infrastructure_v1_1_0_util_axis2vector has unconnected port TSTRB[29]
WARNING: [Synth 8-3331] design axis_infrastructure_v1_1_0_util_axis2vector has unconnected port TSTRB[28]
WARNING: [Synth 8-3331] design axis_infrastructure_v1_1_0_util_axis2vector has unconnected port TSTRB[27]
WARNING: [Synth 8-3331] design axis_infrastructure_v1_1_0_util_axis2vector has unconnected port TSTRB[26]
WARNING: [Synth 8-3331] design axis_infrastructure_v1_1_0_util_axis2vector has unconnected port TSTRB[25]
WARNING: [Synth 8-3331] design axis_infrastructure_v1_1_0_util_axis2vector has unconnected port TSTRB[24]
WARNING: [Synth 8-3331] design axis_infrastructure_v1_1_0_util_axis2vector has unconnected port TSTRB[23]
WARNING: [Synth 8-3331] design axis_infrastructure_v1_1_0_util_axis2vector has unconnected port TSTRB[22]
WARNING: [Synth 8-3331] design axis_infrastructure_v1_1_0_util_axis2vector has unconnected port TSTRB[21]
WARNING: [Synth 8-3331] design axis_infrastructure_v1_1_0_util_axis2vector has unconnected port TSTRB[20]
WARNING: [Synth 8-3331] design axis_infrastructure_v1_1_0_util_axis2vector has unconnected port TSTRB[19]
WARNING: [Synth 8-3331] design axis_infrastructure_v1_1_0_util_axis2vector has unconnected port TSTRB[18]
WARNING: [Synth 8-3331] design axis_infrastructure_v1_1_0_util_axis2vector has unconnected port TSTRB[17]
WARNING: [Synth 8-3331] design axis_infrastructure_v1_1_0_util_axis2vector has unconnected port TSTRB[16]
WARNING: [Synth 8-3331] design axis_infrastructure_v1_1_0_util_axis2vector has unconnected port TSTRB[15]
WARNING: [Synth 8-3331] design axis_infrastructure_v1_1_0_util_axis2vector has unconnected port TSTRB[14]
WARNING: [Synth 8-3331] design axis_infrastructure_v1_1_0_util_axis2vector has unconnected port TSTRB[13]
WARNING: [Synth 8-3331] design axis_infrastructure_v1_1_0_util_axis2vector has unconnected port TSTRB[12]
WARNING: [Synth 8-3331] design axis_infrastructure_v1_1_0_util_axis2vector has unconnected port TSTRB[11]
WARNING: [Synth 8-3331] design axis_infrastructure_v1_1_0_util_axis2vector has unconnected port TSTRB[10]
WARNING: [Synth 8-3331] design axis_infrastructure_v1_1_0_util_axis2vector has unconnected port TSTRB[9]
WARNING: [Synth 8-3331] design axis_infrastructure_v1_1_0_util_axis2vector has unconnected port TSTRB[8]
WARNING: [Synth 8-3331] design axis_infrastructure_v1_1_0_util_axis2vector has unconnected port TSTRB[7]
WARNING: [Synth 8-3331] design axis_infrastructure_v1_1_0_util_axis2vector has unconnected port TSTRB[6]
WARNING: [Synth 8-3331] design axis_infrastructure_v1_1_0_util_axis2vector has unconnected port TSTRB[5]
WARNING: [Synth 8-3331] design axis_infrastructure_v1_1_0_util_axis2vector has unconnected port TSTRB[4]
WARNING: [Synth 8-3331] design axis_infrastructure_v1_1_0_util_axis2vector has unconnected port TSTRB[3]
WARNING: [Synth 8-3331] design axis_infrastructure_v1_1_0_util_axis2vector has unconnected port TSTRB[2]
WARNING: [Synth 8-3331] design axis_infrastructure_v1_1_0_util_axis2vector has unconnected port TSTRB[1]
WARNING: [Synth 8-3331] design axis_infrastructure_v1_1_0_util_axis2vector has unconnected port TSTRB[0]
WARNING: [Synth 8-3331] design axis_infrastructure_v1_1_0_util_axis2vector has unconnected port TKEEP[31]
WARNING: [Synth 8-3331] design axis_infrastructure_v1_1_0_util_axis2vector has unconnected port TKEEP[30]
WARNING: [Synth 8-3331] design axis_infrastructure_v1_1_0_util_axis2vector has unconnected port TKEEP[29]
WARNING: [Synth 8-3331] design axis_infrastructure_v1_1_0_util_axis2vector has unconnected port TKEEP[28]
WARNING: [Synth 8-3331] design axis_infrastructure_v1_1_0_util_axis2vector has unconnected port TKEEP[27]
WARNING: [Synth 8-3331] design axis_infrastructure_v1_1_0_util_axis2vector has unconnected port TKEEP[26]
WARNING: [Synth 8-3331] design axis_infrastructure_v1_1_0_util_axis2vector has unconnected port TKEEP[25]
WARNING: [Synth 8-3331] design axis_infrastructure_v1_1_0_util_axis2vector has unconnected port TKEEP[24]
WARNING: [Synth 8-3331] design axis_infrastructure_v1_1_0_util_axis2vector has unconnected port TKEEP[23]
WARNING: [Synth 8-3331] design axis_infrastructure_v1_1_0_util_axis2vector has unconnected port TKEEP[22]
WARNING: [Synth 8-3331] design axis_infrastructure_v1_1_0_util_axis2vector has unconnected port TKEEP[21]
WARNING: [Synth 8-3331] design axis_infrastructure_v1_1_0_util_axis2vector has unconnected port TKEEP[20]
WARNING: [Synth 8-3331] design axis_infrastructure_v1_1_0_util_axis2vector has unconnected port TKEEP[19]
WARNING: [Synth 8-3331] design axis_infrastructure_v1_1_0_util_axis2vector has unconnected port TKEEP[18]
WARNING: [Synth 8-3331] design axis_infrastructure_v1_1_0_util_axis2vector has unconnected port TKEEP[17]
WARNING: [Synth 8-3331] design axis_infrastructure_v1_1_0_util_axis2vector has unconnected port TKEEP[16]
WARNING: [Synth 8-3331] design axis_infrastructure_v1_1_0_util_axis2vector has unconnected port TKEEP[15]
WARNING: [Synth 8-3331] design axis_infrastructure_v1_1_0_util_axis2vector has unconnected port TKEEP[14]
WARNING: [Synth 8-3331] design axis_infrastructure_v1_1_0_util_axis2vector has unconnected port TKEEP[13]
WARNING: [Synth 8-3331] design axis_infrastructure_v1_1_0_util_axis2vector has unconnected port TKEEP[12]
WARNING: [Synth 8-3331] design axis_infrastructure_v1_1_0_util_axis2vector has unconnected port TKEEP[11]
WARNING: [Synth 8-3331] design axis_infrastructure_v1_1_0_util_axis2vector has unconnected port TKEEP[10]
WARNING: [Synth 8-3331] design axis_infrastructure_v1_1_0_util_axis2vector has unconnected port TKEEP[9]
WARNING: [Synth 8-3331] design axis_infrastructure_v1_1_0_util_axis2vector has unconnected port TKEEP[8]
WARNING: [Synth 8-3331] design axis_infrastructure_v1_1_0_util_axis2vector has unconnected port TKEEP[7]
WARNING: [Synth 8-3331] design axis_infrastructure_v1_1_0_util_axis2vector has unconnected port TKEEP[6]
WARNING: [Synth 8-3331] design axis_infrastructure_v1_1_0_util_axis2vector has unconnected port TKEEP[5]
WARNING: [Synth 8-3331] design axis_infrastructure_v1_1_0_util_axis2vector has unconnected port TKEEP[4]
WARNING: [Synth 8-3331] design axis_infrastructure_v1_1_0_util_axis2vector has unconnected port TKEEP[3]
WARNING: [Synth 8-3331] design axis_infrastructure_v1_1_0_util_axis2vector has unconnected port TKEEP[2]
WARNING: [Synth 8-3331] design axis_infrastructure_v1_1_0_util_axis2vector has unconnected port TKEEP[1]
WARNING: [Synth 8-3331] design axis_infrastructure_v1_1_0_util_axis2vector has unconnected port TKEEP[0]
WARNING: [Synth 8-3331] design axis_infrastructure_v1_1_0_util_axis2vector has unconnected port TLAST
WARNING: [Synth 8-3331] design axis_infrastructure_v1_1_0_util_axis2vector has unconnected port TID[0]
WARNING: [Synth 8-3331] design axis_infrastructure_v1_1_0_util_axis2vector has unconnected port TDEST[0]
WARNING: [Synth 8-3331] design axis_infrastructure_v1_1_0_util_axis2vector has unconnected port TUSER[0]
WARNING: [Synth 8-3331] design axis_clock_converter_v1_1_21_axisc_sync_clock_converter has unconnected port SAMPLE_CYCLE_EARLY
WARNING: [Synth 8-3331] design axis_clock_converter_v1_1_21_axis_clock_converter has unconnected port s_axis_aclken
WARNING: [Synth 8-3331] design axis_clock_converter_v1_1_21_axis_clock_converter has unconnected port m_axis_aclken
---------------------------------------------------------------------------------
Finished RTL Elaboration : Time (s): cpu = 00:00:02 ; elapsed = 00:00:03 . Memory (MB): peak = 2526.047 ; gain = 206.406 ; free physical = 39466 ; free virtual = 109317
---------------------------------------------------------------------------------

Report Check Netlist: 
+------+------------------+-------+---------+-------+------------------+
|      |Item              |Errors |Warnings |Status |Description       |
+------+------------------+-------+---------+-------+------------------+
|1     |multi_driven_nets |      0|        0|Passed |Multi driven nets |
+------+------------------+-------+---------+-------+------------------+
---------------------------------------------------------------------------------
Start Handling Custom Attributes
---------------------------------------------------------------------------------
---------------------------------------------------------------------------------
Finished Handling Custom Attributes : Time (s): cpu = 00:00:02 ; elapsed = 00:00:03 . Memory (MB): peak = 2534.953 ; gain = 215.312 ; free physical = 39448 ; free virtual = 109299
---------------------------------------------------------------------------------
---------------------------------------------------------------------------------
Finished RTL Optimization Phase 1 : Time (s): cpu = 00:00:02 ; elapsed = 00:00:03 . Memory (MB): peak = 2534.953 ; gain = 215.312 ; free physical = 39448 ; free virtual = 109299
---------------------------------------------------------------------------------
Netlist sorting complete. Time (s): cpu = 00:00:00.01 ; elapsed = 00:00:00.01 . Memory (MB): peak = 2534.953 ; gain = 0.000 ; free physical = 39448 ; free virtual = 109299
INFO: [Project 1-570] Preparing netlist for logic optimization

Processing XDC Constraints
Initializing timing engine
Parsing XDC File [/home/wisig/Videos/MTS/RFSoC-MTS/mts/mts.srcs/sources_1/bd/design_1/ip/design_1_axis_clock_converter_0_8/design_1_axis_clock_converter_0_8_ooc.xdc] for cell 'inst'
Finished Parsing XDC File [/home/wisig/Videos/MTS/RFSoC-MTS/mts/mts.srcs/sources_1/bd/design_1/ip/design_1_axis_clock_converter_0_8/design_1_axis_clock_converter_0_8_ooc.xdc] for cell 'inst'
Parsing XDC File [/home/wisig/Videos/MTS/RFSoC-MTS/mts/mts.runs/design_1_axis_clock_converter_0_8_synth_1/dont_touch.xdc]
Finished Parsing XDC File [/home/wisig/Videos/MTS/RFSoC-MTS/mts/mts.runs/design_1_axis_clock_converter_0_8_synth_1/dont_touch.xdc]
Completed Processing XDC Constraints

Netlist sorting complete. Time (s): cpu = 00:00:00 ; elapsed = 00:00:00 . Memory (MB): peak = 2713.547 ; gain = 0.000 ; free physical = 37995 ; free virtual = 107860
INFO: [Project 1-111] Unisim Transformation Summary:
No Unisim elements were transformed.

Constraint Validation Runtime : Time (s): cpu = 00:00:00.03 ; elapsed = 00:00:00.03 . Memory (MB): peak = 2713.547 ; gain = 0.000 ; free physical = 37995 ; free virtual = 107860
load diablo GTM unisim library
---------------------------------------------------------------------------------
Finished Constraint Validation : Time (s): cpu = 00:00:08 ; elapsed = 00:00:11 . Memory (MB): peak = 2713.547 ; gain = 393.906 ; free physical = 37533 ; free virtual = 107382
---------------------------------------------------------------------------------
---------------------------------------------------------------------------------
Start Loading Part and Timing Information
---------------------------------------------------------------------------------
Loading part: xczu28dr-ffvg1517-2-e
INFO: [Synth 8-6742] Reading net delay rules and data
---------------------------------------------------------------------------------
Finished Loading Part and Timing Information : Time (s): cpu = 00:00:08 ; elapsed = 00:00:11 . Memory (MB): peak = 2713.547 ; gain = 393.906 ; free physical = 37533 ; free virtual = 107382
---------------------------------------------------------------------------------
---------------------------------------------------------------------------------
Start Applying 'set_property' XDC Constraints
---------------------------------------------------------------------------------
Applied set_property DONT_TOUCH = true for inst. (constraint file  /home/wisig/Videos/MTS/RFSoC-MTS/mts/mts.runs/design_1_axis_clock_converter_0_8_synth_1/dont_touch.xdc, line 9).
---------------------------------------------------------------------------------
Finished applying 'set_property' XDC Constraints : Time (s): cpu = 00:00:09 ; elapsed = 00:00:11 . Memory (MB): peak = 2713.547 ; gain = 393.906 ; free physical = 37533 ; free virtual = 107382
---------------------------------------------------------------------------------
INFO: [Synth 8-802] inferred FSM for state register 'gen_sync_clock_converter.state_reg' in module 'axis_clock_converter_v1_1_21_axisc_sync_clock_converter'
---------------------------------------------------------------------------------------------------
                   State |                     New Encoding |                Previous Encoding 
---------------------------------------------------------------------------------------------------
                    INIT |                               00 |                               00
                    ZERO |                               01 |                               10
                     ONE |                               10 |                               11
                    FULL |                               11 |                               01
---------------------------------------------------------------------------------------------------
INFO: [Synth 8-3354] encoded FSM with state register 'gen_sync_clock_converter.state_reg' using encoding 'sequential' in module 'axis_clock_converter_v1_1_21_axisc_sync_clock_converter'
---------------------------------------------------------------------------------
Finished RTL Optimization Phase 2 : Time (s): cpu = 00:00:09 ; elapsed = 00:00:11 . Memory (MB): peak = 2713.547 ; gain = 393.906 ; free physical = 37439 ; free virtual = 107289
---------------------------------------------------------------------------------

Report RTL Partitions: 
+-+--------------+------------+----------+
| |RTL Partition |Replication |Instances |
+-+--------------+------------+----------+
+-+--------------+------------+----------+
---------------------------------------------------------------------------------
Start RTL Component Statistics 
---------------------------------------------------------------------------------
Detailed RTL Component Info : 
+---Registers : 
	              256 Bit    Registers := 2     
	                1 Bit    Registers := 9     
+---Muxes : 
	   2 Input    256 Bit        Muxes := 1     
	   2 Input      2 Bit        Muxes := 5     
	   4 Input      2 Bit        Muxes := 2     
	   9 Input      2 Bit        Muxes := 1     
	   2 Input      1 Bit        Muxes := 5     
---------------------------------------------------------------------------------
Finished RTL Component Statistics 
---------------------------------------------------------------------------------
---------------------------------------------------------------------------------
Start RTL Hierarchical Component Statistics 
---------------------------------------------------------------------------------
Hierarchical RTL Component report 
Module axis_clock_converter_v1_1_21_axisc_sample_cycle_ratio 
Detailed RTL Component Info : 
+---Registers : 
	                1 Bit    Registers := 4     
Module axis_clock_converter_v1_1_21_axisc_sync_clock_converter 
Detailed RTL Component Info : 
+---Registers : 
	              256 Bit    Registers := 2     
	                1 Bit    Registers := 5     
+---Muxes : 
	   2 Input    256 Bit        Muxes := 1     
	   2 Input      2 Bit        Muxes := 5     
	   4 Input      2 Bit        Muxes := 2     
	   9 Input      2 Bit        Muxes := 1     
	   2 Input      1 Bit        Muxes := 5     
---------------------------------------------------------------------------------
Finished RTL Hierarchical Component Statistics
---------------------------------------------------------------------------------
---------------------------------------------------------------------------------
Start Part Resource Summary
---------------------------------------------------------------------------------
Part Resources:
DSPs: 4272 (col length:192)
BRAMs: 2160 (col length: RAMB18 192 RAMB36 96)
---------------------------------------------------------------------------------
Finished Part Resource Summary
---------------------------------------------------------------------------------
---------------------------------------------------------------------------------
Start Cross Boundary and Area Optimization
---------------------------------------------------------------------------------
Warning: Parallel synthesis criteria is not met 
WARNING: [Synth 8-3331] design axis_clock_converter_v1_1_21_axis_clock_converter has unconnected port s_axis_aclken
WARNING: [Synth 8-3331] design axis_clock_converter_v1_1_21_axis_clock_converter has unconnected port m_axis_aclken
WARNING: [Synth 8-3331] design axis_clock_converter_v1_1_21_axis_clock_converter has unconnected port s_axis_tstrb[31]
WARNING: [Synth 8-3331] design axis_clock_converter_v1_1_21_axis_clock_converter has unconnected port s_axis_tstrb[30]
WARNING: [Synth 8-3331] design axis_clock_converter_v1_1_21_axis_clock_converter has unconnected port s_axis_tstrb[29]
WARNING: [Synth 8-3331] design axis_clock_converter_v1_1_21_axis_clock_converter has unconnected port s_axis_tstrb[28]
WARNING: [Synth 8-3331] design axis_clock_converter_v1_1_21_axis_clock_converter has unconnected port s_axis_tstrb[27]
WARNING: [Synth 8-3331] design axis_clock_converter_v1_1_21_axis_clock_converter has unconnected port s_axis_tstrb[26]
WARNING: [Synth 8-3331] design axis_clock_converter_v1_1_21_axis_clock_converter has unconnected port s_axis_tstrb[25]
WARNING: [Synth 8-3331] design axis_clock_converter_v1_1_21_axis_clock_converter has unconnected port s_axis_tstrb[24]
WARNING: [Synth 8-3331] design axis_clock_converter_v1_1_21_axis_clock_converter has unconnected port s_axis_tstrb[23]
WARNING: [Synth 8-3331] design axis_clock_converter_v1_1_21_axis_clock_converter has unconnected port s_axis_tstrb[22]
WARNING: [Synth 8-3331] design axis_clock_converter_v1_1_21_axis_clock_converter has unconnected port s_axis_tstrb[21]
WARNING: [Synth 8-3331] design axis_clock_converter_v1_1_21_axis_clock_converter has unconnected port s_axis_tstrb[20]
WARNING: [Synth 8-3331] design axis_clock_converter_v1_1_21_axis_clock_converter has unconnected port s_axis_tstrb[19]
WARNING: [Synth 8-3331] design axis_clock_converter_v1_1_21_axis_clock_converter has unconnected port s_axis_tstrb[18]
WARNING: [Synth 8-3331] design axis_clock_converter_v1_1_21_axis_clock_converter has unconnected port s_axis_tstrb[17]
WARNING: [Synth 8-3331] design axis_clock_converter_v1_1_21_axis_clock_converter has unconnected port s_axis_tstrb[16]
WARNING: [Synth 8-3331] design axis_clock_converter_v1_1_21_axis_clock_converter has unconnected port s_axis_tstrb[15]
WARNING: [Synth 8-3331] design axis_clock_converter_v1_1_21_axis_clock_converter has unconnected port s_axis_tstrb[14]
WARNING: [Synth 8-3331] design axis_clock_converter_v1_1_21_axis_clock_converter has unconnected port s_axis_tstrb[13]
WARNING: [Synth 8-3331] design axis_clock_converter_v1_1_21_axis_clock_converter has unconnected port s_axis_tstrb[12]
WARNING: [Synth 8-3331] design axis_clock_converter_v1_1_21_axis_clock_converter has unconnected port s_axis_tstrb[11]
WARNING: [Synth 8-3331] design axis_clock_converter_v1_1_21_axis_clock_converter has unconnected port s_axis_tstrb[10]
WARNING: [Synth 8-3331] design axis_clock_converter_v1_1_21_axis_clock_converter has unconnected port s_axis_tstrb[9]
WARNING: [Synth 8-3331] design axis_clock_converter_v1_1_21_axis_clock_converter has unconnected port s_axis_tstrb[8]
WARNING: [Synth 8-3331] design axis_clock_converter_v1_1_21_axis_clock_converter has unconnected port s_axis_tstrb[7]
WARNING: [Synth 8-3331] design axis_clock_converter_v1_1_21_axis_clock_converter has unconnected port s_axis_tstrb[6]
WARNING: [Synth 8-3331] design axis_clock_converter_v1_1_21_axis_clock_converter has unconnected port s_axis_tstrb[5]
INFO: [Common 17-14] Message 'Synth 8-3331' appears 100 times and further instances of the messages will be disabled. Use the Tcl command set_msg_config to change the current settings.
---------------------------------------------------------------------------------
Finished Cross Boundary and Area Optimization : Time (s): cpu = 00:00:09 ; elapsed = 00:00:12 . Memory (MB): peak = 2713.547 ; gain = 393.906 ; free physical = 37259 ; free virtual = 107112
---------------------------------------------------------------------------------

Report RTL Partitions: 
+-+--------------+------------+----------+
| |RTL Partition |Replication |Instances |
+-+--------------+------------+----------+
+-+--------------+------------+----------+
---------------------------------------------------------------------------------
Start Applying XDC Timing Constraints
---------------------------------------------------------------------------------
---------------------------------------------------------------------------------
Finished Applying XDC Timing Constraints : Time (s): cpu = 00:00:27 ; elapsed = 00:00:43 . Memory (MB): peak = 3026.172 ; gain = 706.531 ; free physical = 34241 ; free virtual = 104001
---------------------------------------------------------------------------------
---------------------------------------------------------------------------------
Start Timing Optimization
---------------------------------------------------------------------------------
---------------------------------------------------------------------------------
Finished Timing Optimization : Time (s): cpu = 00:00:28 ; elapsed = 00:00:43 . Memory (MB): peak = 3038.188 ; gain = 718.547 ; free physical = 34226 ; free virtual = 103986
---------------------------------------------------------------------------------

Report RTL Partitions: 
+-+--------------+------------+----------+
| |RTL Partition |Replication |Instances |
+-+--------------+------------+----------+
+-+--------------+------------+----------+
---------------------------------------------------------------------------------
Start Technology Mapping
---------------------------------------------------------------------------------
---------------------------------------------------------------------------------
Finished Technology Mapping : Time (s): cpu = 00:00:28 ; elapsed = 00:00:43 . Memory (MB): peak = 3040.195 ; gain = 720.555 ; free physical = 34228 ; free virtual = 103988
---------------------------------------------------------------------------------

Report RTL Partitions: 
+-+--------------+------------+----------+
| |RTL Partition |Replication |Instances |
+-+--------------+------------+----------+
+-+--------------+------------+----------+
---------------------------------------------------------------------------------
Start IO Insertion
---------------------------------------------------------------------------------
---------------------------------------------------------------------------------
Start Flattening Before IO Insertion
---------------------------------------------------------------------------------
---------------------------------------------------------------------------------
Finished Flattening Before IO Insertion
---------------------------------------------------------------------------------
---------------------------------------------------------------------------------
Start Final Netlist Cleanup
---------------------------------------------------------------------------------
---------------------------------------------------------------------------------
Finished Final Netlist Cleanup
---------------------------------------------------------------------------------
---------------------------------------------------------------------------------
Finished IO Insertion : Time (s): cpu = 00:00:28 ; elapsed = 00:00:43 . Memory (MB): peak = 3054.070 ; gain = 734.430 ; free physical = 34232 ; free virtual = 103998
---------------------------------------------------------------------------------
---------------------------------------------------------------------------------
Start Renaming Generated Instances
---------------------------------------------------------------------------------
---------------------------------------------------------------------------------
Finished Renaming Generated Instances : Time (s): cpu = 00:00:28 ; elapsed = 00:00:43 . Memory (MB): peak = 3054.070 ; gain = 734.430 ; free physical = 34232 ; free virtual = 103998
---------------------------------------------------------------------------------

Report RTL Partitions: 
+-+--------------+------------+----------+
| |RTL Partition |Replication |Instances |
+-+--------------+------------+----------+
+-+--------------+------------+----------+

Report Check Netlist: 
+------+------------------+-------+---------+-------+------------------+
|      |Item              |Errors |Warnings |Status |Description       |
+------+------------------+-------+---------+-------+------------------+
|1     |multi_driven_nets |      0|        0|Passed |Multi driven nets |
+------+------------------+-------+---------+-------+------------------+
---------------------------------------------------------------------------------
Start Rebuilding User Hierarchy
---------------------------------------------------------------------------------
---------------------------------------------------------------------------------
Finished Rebuilding User Hierarchy : Time (s): cpu = 00:00:28 ; elapsed = 00:00:44 . Memory (MB): peak = 3054.070 ; gain = 734.430 ; free physical = 34228 ; free virtual = 103994
---------------------------------------------------------------------------------
---------------------------------------------------------------------------------
Start Renaming Generated Ports
---------------------------------------------------------------------------------
---------------------------------------------------------------------------------
Finished Renaming Generated Ports : Time (s): cpu = 00:00:28 ; elapsed = 00:00:44 . Memory (MB): peak = 3054.070 ; gain = 734.430 ; free physical = 34228 ; free virtual = 103994
---------------------------------------------------------------------------------
---------------------------------------------------------------------------------
Start Handling Custom Attributes
---------------------------------------------------------------------------------
---------------------------------------------------------------------------------
Finished Handling Custom Attributes : Time (s): cpu = 00:00:28 ; elapsed = 00:00:44 . Memory (MB): peak = 3054.070 ; gain = 734.430 ; free physical = 34219 ; free virtual = 103980
---------------------------------------------------------------------------------
---------------------------------------------------------------------------------
Start Renaming Generated Nets
---------------------------------------------------------------------------------
---------------------------------------------------------------------------------
Finished Renaming Generated Nets : Time (s): cpu = 00:00:28 ; elapsed = 00:00:44 . Memory (MB): peak = 3054.070 ; gain = 734.430 ; free physical = 34219 ; free virtual = 103980
---------------------------------------------------------------------------------
---------------------------------------------------------------------------------
Start Writing Synthesis Report
---------------------------------------------------------------------------------

Report BlackBoxes: 
+-+--------------+----------+
| |BlackBox name |Instances |
+-+--------------+----------+
+-+--------------+----------+

Report Cell Usage: 
+------+-----+------+
|      |Cell |Count |
+------+-----+------+
|1     |LUT1 |     1|
|2     |LUT2 |     2|
|3     |LUT3 |     1|
|4     |LUT4 |     3|
|5     |LUT5 |     1|
|6     |LUT6 |   266|
|7     |FDRE |   530|
+------+-----+------+

Report Instance Areas: 
+------+----------------------------------------------------+--------------------------------------------------------+------+
|      |Instance                                            |Module                                                  |Cells |
+------+----------------------------------------------------+--------------------------------------------------------+------+
|1     |top                                                 |                                                        |   804|
|2     |  inst                                              |axis_clock_converter_v1_1_21_axis_clock_converter       |   804|
|3     |    \gen_sync_ck_conv.axisc_sample_cycle_ratio_m    |axis_clock_converter_v1_1_21_axisc_sample_cycle_ratio   |     6|
|4     |    \gen_sync_ck_conv.axisc_sync_clock_converter_0  |axis_clock_converter_v1_1_21_axisc_sync_clock_converter |   798|
+------+----------------------------------------------------+--------------------------------------------------------+------+
---------------------------------------------------------------------------------
Finished Writing Synthesis Report : Time (s): cpu = 00:00:28 ; elapsed = 00:00:44 . Memory (MB): peak = 3054.070 ; gain = 734.430 ; free physical = 34219 ; free virtual = 103980
---------------------------------------------------------------------------------
Synthesis finished with 0 errors, 0 critical warnings and 70 warnings.
Synthesis Optimization Runtime : Time (s): cpu = 00:00:24 ; elapsed = 00:00:38 . Memory (MB): peak = 3054.070 ; gain = 555.836 ; free physical = 34219 ; free virtual = 103983
Synthesis Optimization Complete : Time (s): cpu = 00:00:28 ; elapsed = 00:00:44 . Memory (MB): peak = 3054.078 ; gain = 734.430 ; free physical = 34219 ; free virtual = 103983
INFO: [Project 1-571] Translating synthesized netlist
Netlist sorting complete. Time (s): cpu = 00:00:00.01 ; elapsed = 00:00:00.01 . Memory (MB): peak = 3066.039 ; gain = 0.000 ; free physical = 34314 ; free virtual = 104076
INFO: [Project 1-570] Preparing netlist for logic optimization
INFO: [Opt 31-138] Pushed 0 inverter(s) to 0 load pin(s).
Netlist sorting complete. Time (s): cpu = 00:00:00 ; elapsed = 00:00:00.01 . Memory (MB): peak = 3126.836 ; gain = 0.000 ; free physical = 34282 ; free virtual = 104051
INFO: [Project 1-111] Unisim Transformation Summary:
No Unisim elements were transformed.

INFO: [Common 17-83] Releasing license: Synthesis
28 Infos, 100 Warnings, 0 Critical Warnings and 0 Errors encountered.
synth_design completed successfully
synth_design: Time (s): cpu = 00:00:37 ; elapsed = 00:01:05 . Memory (MB): peak = 3126.836 ; gain = 1620.598 ; free physical = 34289 ; free virtual = 104058
Netlist sorting complete. Time (s): cpu = 00:00:00 ; elapsed = 00:00:00 . Memory (MB): peak = 3126.836 ; gain = 0.000 ; free physical = 34289 ; free virtual = 104058
WARNING: [Constraints 18-5210] No constraints selected for write.
Resolution: This message can indicate that there are no constraints for the design, or it can indicate that the used_in flags are set such that the constraints are ignored. This later case is used when running synth_design to not write synthesis constraints to the resulting checkpoint. Instead, project constraints are read when the synthesized design is opened.
INFO: [Common 17-1381] The checkpoint '/home/wisig/Videos/MTS/RFSoC-MTS/mts/mts.runs/design_1_axis_clock_converter_0_8_synth_1/design_1_axis_clock_converter_0_8.dcp' has been generated.
WARNING: [Common 17-576] 'use_project_ipc' is deprecated. This option is deprecated and no longer used.
INFO: [Coretcl 2-1648] Added synthesis output to IP cache for IP design_1_axis_clock_converter_0_8, cache-ID = 449f3e3e6d0527da
INFO: [Coretcl 2-1174] Renamed 3 cell refs.
Netlist sorting complete. Time (s): cpu = 00:00:00 ; elapsed = 00:00:00 . Memory (MB): peak = 3150.848 ; gain = 0.000 ; free physical = 34284 ; free virtual = 104054
WARNING: [Constraints 18-5210] No constraints selected for write.
Resolution: This message can indicate that there are no constraints for the design, or it can indicate that the used_in flags are set such that the constraints are ignored. This later case is used when running synth_design to not write synthesis constraints to the resulting checkpoint. Instead, project constraints are read when the synthesized design is opened.
INFO: [Common 17-1381] The checkpoint '/home/wisig/Videos/MTS/RFSoC-MTS/mts/mts.runs/design_1_axis_clock_converter_0_8_synth_1/design_1_axis_clock_converter_0_8.dcp' has been generated.
INFO: [runtcl-4] Executing : report_utilization -file design_1_axis_clock_converter_0_8_utilization_synth.rpt -pb design_1_axis_clock_converter_0_8_utilization_synth.pb
INFO: [Common 17-206] Exiting Vivado at Sun Sep 21 13:10:47 2025...
