
*** Running vivado
    with args -log design_1_axis_broadcaster_0_0.vds -m64 -product Vivado -mode batch -messageDb vivado.pb -notrace -source design_1_axis_broadcaster_0_0.tcl


****** Vivado v2019.2 (64-bit)
  **** SW Build 2708876 on Wed Nov  6 21:39:14 MST 2019
  **** IP Build 2700528 on Thu Nov  7 00:09:20 MST 2019
    ** Copyright 1986-2019 Xilinx, Inc. All Rights Reserved.

source design_1_axis_broadcaster_0_0.tcl -notrace
Command: synth_design -top design_1_axis_broadcaster_0_0 -part xczu28dr-ffvg1517-2-e -mode out_of_context
Starting synth_design
Attempting to get a license for feature 'Synthesis' and/or device 'xczu28dr'
INFO: [Common 17-349] Got license for feature 'Synthesis' and/or device 'xczu28dr'
INFO: [Common 17-1540] The version limit for your license is '2020.05' and has expired for new software. A version limit expiration means that, although you may be able to continue to use the current version of tools or IP with this license, you will not be eligible for any updates or new releases.
INFO: [Device 21-403] Loading part xczu28dr-ffvg1517-2-e
INFO: Launching helper process for spawning children vivado processes
INFO: Helper process launched with PID 320231 
load diablo GTM unisim library
---------------------------------------------------------------------------------
Starting RTL Elaboration : Time (s): cpu = 00:00:02 ; elapsed = 00:00:02 . Memory (MB): peak = 2470.387 ; gain = 148.719 ; free physical = 38487 ; free virtual = 108316
---------------------------------------------------------------------------------
INFO: [Synth 8-6157] synthesizing module 'design_1_axis_broadcaster_0_0' [/home/wisig/Videos/MTS/RFSoC-MTS/mts/mts.srcs/sources_1/bd/design_1/ip/design_1_axis_broadcaster_0_0/synth/design_1_axis_broadcaster_0_0.v:57]
INFO: [Synth 8-6157] synthesizing module 'top_design_1_axis_broadcaster_0_0' [/home/wisig/Videos/MTS/RFSoC-MTS/mts/mts.srcs/sources_1/bd/design_1/ip/design_1_axis_broadcaster_0_0/hdl/top_design_1_axis_broadcaster_0_0.v:60]
	Parameter C_FAMILY bound to: zynquplus - type: string 
	Parameter C_NUM_MI_SLOTS bound to: 8 - type: integer 
	Parameter C_S_AXIS_TDATA_WIDTH bound to: 128 - type: integer 
	Parameter C_M_AXIS_TDATA_WIDTH bound to: 128 - type: integer 
	Parameter C_AXIS_TID_WIDTH bound to: 1 - type: integer 
	Parameter C_AXIS_TDEST_WIDTH bound to: 1 - type: integer 
	Parameter C_S_AXIS_TUSER_WIDTH bound to: 1 - type: integer 
	Parameter C_M_AXIS_TUSER_WIDTH bound to: 1 - type: integer 
	Parameter C_AXIS_SIGNAL_SET bound to: 2 - type: integer 
	Parameter G_INDX_SS_TREADY bound to: 0 - type: integer 
	Parameter G_INDX_SS_TDATA bound to: 1 - type: integer 
	Parameter G_INDX_SS_TSTRB bound to: 2 - type: integer 
	Parameter G_INDX_SS_TKEEP bound to: 3 - type: integer 
	Parameter G_INDX_SS_TLAST bound to: 4 - type: integer 
	Parameter G_INDX_SS_TID bound to: 5 - type: integer 
	Parameter G_INDX_SS_TDEST bound to: 6 - type: integer 
	Parameter G_INDX_SS_TUSER bound to: 7 - type: integer 
	Parameter G_MASK_SS_TREADY bound to: 1 - type: integer 
	Parameter G_MASK_SS_TDATA bound to: 2 - type: integer 
	Parameter G_MASK_SS_TSTRB bound to: 4 - type: integer 
	Parameter G_MASK_SS_TKEEP bound to: 8 - type: integer 
	Parameter G_MASK_SS_TLAST bound to: 16 - type: integer 
	Parameter G_MASK_SS_TID bound to: 32 - type: integer 
	Parameter G_MASK_SS_TDEST bound to: 64 - type: integer 
	Parameter G_MASK_SS_TUSER bound to: 128 - type: integer 
	Parameter G_TASK_SEVERITY_ERR bound to: 2 - type: integer 
	Parameter G_TASK_SEVERITY_WARNING bound to: 1 - type: integer 
	Parameter G_TASK_SEVERITY_INFO bound to: 0 - type: integer 
	Parameter P_TPAYLOAD_WIDTH bound to: 128 - type: integer 
INFO: [Synth 8-6157] synthesizing module 'axis_broadcaster_v1_1_19_core' [/home/wisig/Videos/MTS/RFSoC-MTS/mts/mts.srcs/sources_1/bd/design_1/ipshared/d7e4/hdl/axis_broadcaster_v1_1_vl_rfs.v:59]
	Parameter C_FAMILY bound to: zynquplus - type: string 
	Parameter C_AXIS_TDATA_WIDTH bound to: 128 - type: integer 
	Parameter C_AXIS_TID_WIDTH bound to: 1 - type: integer 
	Parameter C_AXIS_TDEST_WIDTH bound to: 1 - type: integer 
	Parameter C_AXIS_TUSER_WIDTH bound to: 1 - type: integer 
	Parameter C_AXIS_SIGNAL_SET bound to: 2 - type: integer 
	Parameter C_NUM_MI_SLOTS bound to: 8 - type: integer 
	Parameter G_INDX_SS_TREADY bound to: 0 - type: integer 
	Parameter G_INDX_SS_TDATA bound to: 1 - type: integer 
	Parameter G_INDX_SS_TSTRB bound to: 2 - type: integer 
	Parameter G_INDX_SS_TKEEP bound to: 3 - type: integer 
	Parameter G_INDX_SS_TLAST bound to: 4 - type: integer 
	Parameter G_INDX_SS_TID bound to: 5 - type: integer 
	Parameter G_INDX_SS_TDEST bound to: 6 - type: integer 
	Parameter G_INDX_SS_TUSER bound to: 7 - type: integer 
	Parameter G_MASK_SS_TREADY bound to: 1 - type: integer 
	Parameter G_MASK_SS_TDATA bound to: 2 - type: integer 
	Parameter G_MASK_SS_TSTRB bound to: 4 - type: integer 
	Parameter G_MASK_SS_TKEEP bound to: 8 - type: integer 
	Parameter G_MASK_SS_TLAST bound to: 16 - type: integer 
	Parameter G_MASK_SS_TID bound to: 32 - type: integer 
	Parameter G_MASK_SS_TDEST bound to: 64 - type: integer 
	Parameter G_MASK_SS_TUSER bound to: 128 - type: integer 
	Parameter G_TASK_SEVERITY_ERR bound to: 2 - type: integer 
	Parameter G_TASK_SEVERITY_WARNING bound to: 1 - type: integer 
	Parameter G_TASK_SEVERITY_INFO bound to: 0 - type: integer 
	Parameter P_TPAYLOAD_WIDTH bound to: 128 - type: integer 
INFO: [Synth 8-6157] synthesizing module 'axis_infrastructure_v1_1_0_util_vector2axis' [/home/wisig/Videos/MTS/RFSoC-MTS/mts/mts.srcs/sources_1/bd/design_1/ipshared/8713/hdl/axis_infrastructure_v1_1_vl_rfs.v:992]
	Parameter C_TDATA_WIDTH bound to: 128 - type: integer 
	Parameter C_TID_WIDTH bound to: 1 - type: integer 
	Parameter C_TDEST_WIDTH bound to: 1 - type: integer 
	Parameter C_TUSER_WIDTH bound to: 1 - type: integer 
	Parameter C_TPAYLOAD_WIDTH bound to: 128 - type: integer 
	Parameter C_SIGNAL_SET bound to: 2 - type: integer 
	Parameter G_INDX_SS_TREADY bound to: 0 - type: integer 
	Parameter G_INDX_SS_TDATA bound to: 1 - type: integer 
	Parameter G_INDX_SS_TSTRB bound to: 2 - type: integer 
	Parameter G_INDX_SS_TKEEP bound to: 3 - type: integer 
	Parameter G_INDX_SS_TLAST bound to: 4 - type: integer 
	Parameter G_INDX_SS_TID bound to: 5 - type: integer 
	Parameter G_INDX_SS_TDEST bound to: 6 - type: integer 
	Parameter G_INDX_SS_TUSER bound to: 7 - type: integer 
	Parameter G_MASK_SS_TREADY bound to: 1 - type: integer 
	Parameter G_MASK_SS_TDATA bound to: 2 - type: integer 
	Parameter G_MASK_SS_TSTRB bound to: 4 - type: integer 
	Parameter G_MASK_SS_TKEEP bound to: 8 - type: integer 
	Parameter G_MASK_SS_TLAST bound to: 16 - type: integer 
	Parameter G_MASK_SS_TID bound to: 32 - type: integer 
	Parameter G_MASK_SS_TDEST bound to: 64 - type: integer 
	Parameter G_MASK_SS_TUSER bound to: 128 - type: integer 
	Parameter G_TASK_SEVERITY_ERR bound to: 2 - type: integer 
	Parameter G_TASK_SEVERITY_WARNING bound to: 1 - type: integer 
	Parameter G_TASK_SEVERITY_INFO bound to: 0 - type: integer 
	Parameter P_TDATA_INDX bound to: 0 - type: integer 
	Parameter P_TSTRB_INDX bound to: 128 - type: integer 
	Parameter P_TKEEP_INDX bound to: 128 - type: integer 
	Parameter P_TLAST_INDX bound to: 128 - type: integer 
	Parameter P_TID_INDX bound to: 128 - type: integer 
	Parameter P_TDEST_INDX bound to: 128 - type: integer 
	Parameter P_TUSER_INDX bound to: 128 - type: integer 
INFO: [Synth 8-6155] done synthesizing module 'axis_infrastructure_v1_1_0_util_vector2axis' (1#1) [/home/wisig/Videos/MTS/RFSoC-MTS/mts/mts.srcs/sources_1/bd/design_1/ipshared/8713/hdl/axis_infrastructure_v1_1_vl_rfs.v:992]
INFO: [Synth 8-6157] synthesizing module 'axis_infrastructure_v1_1_0_util_axis2vector' [/home/wisig/Videos/MTS/RFSoC-MTS/mts/mts.srcs/sources_1/bd/design_1/ipshared/8713/hdl/axis_infrastructure_v1_1_vl_rfs.v:810]
	Parameter C_TDATA_WIDTH bound to: 128 - type: integer 
	Parameter C_TID_WIDTH bound to: 1 - type: integer 
	Parameter C_TDEST_WIDTH bound to: 1 - type: integer 
	Parameter C_TUSER_WIDTH bound to: 1 - type: integer 
	Parameter C_TPAYLOAD_WIDTH bound to: 128 - type: integer 
	Parameter C_SIGNAL_SET bound to: 2 - type: integer 
	Parameter G_INDX_SS_TREADY bound to: 0 - type: integer 
	Parameter G_INDX_SS_TDATA bound to: 1 - type: integer 
	Parameter G_INDX_SS_TSTRB bound to: 2 - type: integer 
	Parameter G_INDX_SS_TKEEP bound to: 3 - type: integer 
	Parameter G_INDX_SS_TLAST bound to: 4 - type: integer 
	Parameter G_INDX_SS_TID bound to: 5 - type: integer 
	Parameter G_INDX_SS_TDEST bound to: 6 - type: integer 
	Parameter G_INDX_SS_TUSER bound to: 7 - type: integer 
	Parameter G_MASK_SS_TREADY bound to: 1 - type: integer 
	Parameter G_MASK_SS_TDATA bound to: 2 - type: integer 
	Parameter G_MASK_SS_TSTRB bound to: 4 - type: integer 
	Parameter G_MASK_SS_TKEEP bound to: 8 - type: integer 
	Parameter G_MASK_SS_TLAST bound to: 16 - type: integer 
	Parameter G_MASK_SS_TID bound to: 32 - type: integer 
	Parameter G_MASK_SS_TDEST bound to: 64 - type: integer 
	Parameter G_MASK_SS_TUSER bound to: 128 - type: integer 
	Parameter G_TASK_SEVERITY_ERR bound to: 2 - type: integer 
	Parameter G_TASK_SEVERITY_WARNING bound to: 1 - type: integer 
	Parameter G_TASK_SEVERITY_INFO bound to: 0 - type: integer 
	Parameter P_TDATA_INDX bound to: 0 - type: integer 
	Parameter P_TSTRB_INDX bound to: 128 - type: integer 
	Parameter P_TKEEP_INDX bound to: 128 - type: integer 
	Parameter P_TLAST_INDX bound to: 128 - type: integer 
	Parameter P_TID_INDX bound to: 128 - type: integer 
	Parameter P_TDEST_INDX bound to: 128 - type: integer 
	Parameter P_TUSER_INDX bound to: 128 - type: integer 
INFO: [Synth 8-6155] done synthesizing module 'axis_infrastructure_v1_1_0_util_axis2vector' (2#1) [/home/wisig/Videos/MTS/RFSoC-MTS/mts/mts.srcs/sources_1/bd/design_1/ipshared/8713/hdl/axis_infrastructure_v1_1_vl_rfs.v:810]
INFO: [Synth 8-6155] done synthesizing module 'axis_broadcaster_v1_1_19_core' (3#1) [/home/wisig/Videos/MTS/RFSoC-MTS/mts/mts.srcs/sources_1/bd/design_1/ipshared/d7e4/hdl/axis_broadcaster_v1_1_vl_rfs.v:59]
INFO: [Synth 8-6157] synthesizing module 'tdata_design_1_axis_broadcaster_0_0' [/home/wisig/Videos/MTS/RFSoC-MTS/mts/mts.srcs/sources_1/bd/design_1/ip/design_1_axis_broadcaster_0_0/hdl/tdata_design_1_axis_broadcaster_0_0.v:49]
	Parameter C_S_AXIS_TDATA_WIDTH bound to: 1024 - type: integer 
	Parameter C_M_AXIS_TDATA_WIDTH bound to: 1024 - type: integer 
INFO: [Synth 8-6155] done synthesizing module 'tdata_design_1_axis_broadcaster_0_0' (4#1) [/home/wisig/Videos/MTS/RFSoC-MTS/mts/mts.srcs/sources_1/bd/design_1/ip/design_1_axis_broadcaster_0_0/hdl/tdata_design_1_axis_broadcaster_0_0.v:49]
INFO: [Synth 8-6157] synthesizing module 'tuser_design_1_axis_broadcaster_0_0' [/home/wisig/Videos/MTS/RFSoC-MTS/mts/mts.srcs/sources_1/bd/design_1/ip/design_1_axis_broadcaster_0_0/hdl/tuser_design_1_axis_broadcaster_0_0.v:49]
	Parameter C_S_AXIS_TUSER_WIDTH bound to: 8 - type: integer 
	Parameter C_M_AXIS_TUSER_WIDTH bound to: 8 - type: integer 
INFO: [Synth 8-6155] done synthesizing module 'tuser_design_1_axis_broadcaster_0_0' (5#1) [/home/wisig/Videos/MTS/RFSoC-MTS/mts/mts.srcs/sources_1/bd/design_1/ip/design_1_axis_broadcaster_0_0/hdl/tuser_design_1_axis_broadcaster_0_0.v:49]
INFO: [Synth 8-6155] done synthesizing module 'top_design_1_axis_broadcaster_0_0' (6#1) [/home/wisig/Videos/MTS/RFSoC-MTS/mts/mts.srcs/sources_1/bd/design_1/ip/design_1_axis_broadcaster_0_0/hdl/top_design_1_axis_broadcaster_0_0.v:60]
INFO: [Synth 8-6155] done synthesizing module 'design_1_axis_broadcaster_0_0' (7#1) [/home/wisig/Videos/MTS/RFSoC-MTS/mts/mts.srcs/sources_1/bd/design_1/ip/design_1_axis_broadcaster_0_0/synth/design_1_axis_broadcaster_0_0.v:57]
WARNING: [Synth 8-3331] design tuser_design_1_axis_broadcaster_0_0 has unconnected port tuser[7]
WARNING: [Synth 8-3331] design tuser_design_1_axis_broadcaster_0_0 has unconnected port tuser[6]
WARNING: [Synth 8-3331] design tuser_design_1_axis_broadcaster_0_0 has unconnected port tuser[5]
WARNING: [Synth 8-3331] design tuser_design_1_axis_broadcaster_0_0 has unconnected port tuser[4]
WARNING: [Synth 8-3331] design tuser_design_1_axis_broadcaster_0_0 has unconnected port tuser[3]
WARNING: [Synth 8-3331] design tuser_design_1_axis_broadcaster_0_0 has unconnected port tuser[2]
WARNING: [Synth 8-3331] design tuser_design_1_axis_broadcaster_0_0 has unconnected port tuser[1]
WARNING: [Synth 8-3331] design tuser_design_1_axis_broadcaster_0_0 has unconnected port tuser[0]
WARNING: [Synth 8-3331] design tdata_design_1_axis_broadcaster_0_0 has unconnected port tdata[1023]
WARNING: [Synth 8-3331] design tdata_design_1_axis_broadcaster_0_0 has unconnected port tdata[1022]
WARNING: [Synth 8-3331] design tdata_design_1_axis_broadcaster_0_0 has unconnected port tdata[1021]
WARNING: [Synth 8-3331] design tdata_design_1_axis_broadcaster_0_0 has unconnected port tdata[1020]
WARNING: [Synth 8-3331] design tdata_design_1_axis_broadcaster_0_0 has unconnected port tdata[1019]
WARNING: [Synth 8-3331] design tdata_design_1_axis_broadcaster_0_0 has unconnected port tdata[1018]
WARNING: [Synth 8-3331] design tdata_design_1_axis_broadcaster_0_0 has unconnected port tdata[1017]
WARNING: [Synth 8-3331] design tdata_design_1_axis_broadcaster_0_0 has unconnected port tdata[1016]
WARNING: [Synth 8-3331] design tdata_design_1_axis_broadcaster_0_0 has unconnected port tdata[1015]
WARNING: [Synth 8-3331] design tdata_design_1_axis_broadcaster_0_0 has unconnected port tdata[1014]
WARNING: [Synth 8-3331] design tdata_design_1_axis_broadcaster_0_0 has unconnected port tdata[1013]
WARNING: [Synth 8-3331] design tdata_design_1_axis_broadcaster_0_0 has unconnected port tdata[1012]
WARNING: [Synth 8-3331] design tdata_design_1_axis_broadcaster_0_0 has unconnected port tdata[1011]
WARNING: [Synth 8-3331] design tdata_design_1_axis_broadcaster_0_0 has unconnected port tdata[1010]
WARNING: [Synth 8-3331] design tdata_design_1_axis_broadcaster_0_0 has unconnected port tdata[1009]
WARNING: [Synth 8-3331] design tdata_design_1_axis_broadcaster_0_0 has unconnected port tdata[1008]
WARNING: [Synth 8-3331] design tdata_design_1_axis_broadcaster_0_0 has unconnected port tdata[1007]
WARNING: [Synth 8-3331] design tdata_design_1_axis_broadcaster_0_0 has unconnected port tdata[1006]
WARNING: [Synth 8-3331] design tdata_design_1_axis_broadcaster_0_0 has unconnected port tdata[1005]
WARNING: [Synth 8-3331] design tdata_design_1_axis_broadcaster_0_0 has unconnected port tdata[1004]
WARNING: [Synth 8-3331] design tdata_design_1_axis_broadcaster_0_0 has unconnected port tdata[1003]
WARNING: [Synth 8-3331] design tdata_design_1_axis_broadcaster_0_0 has unconnected port tdata[1002]
WARNING: [Synth 8-3331] design tdata_design_1_axis_broadcaster_0_0 has unconnected port tdata[1001]
WARNING: [Synth 8-3331] design tdata_design_1_axis_broadcaster_0_0 has unconnected port tdata[1000]
WARNING: [Synth 8-3331] design tdata_design_1_axis_broadcaster_0_0 has unconnected port tdata[999]
WARNING: [Synth 8-3331] design tdata_design_1_axis_broadcaster_0_0 has unconnected port tdata[998]
WARNING: [Synth 8-3331] design tdata_design_1_axis_broadcaster_0_0 has unconnected port tdata[997]
WARNING: [Synth 8-3331] design tdata_design_1_axis_broadcaster_0_0 has unconnected port tdata[996]
WARNING: [Synth 8-3331] design tdata_design_1_axis_broadcaster_0_0 has unconnected port tdata[995]
WARNING: [Synth 8-3331] design tdata_design_1_axis_broadcaster_0_0 has unconnected port tdata[994]
WARNING: [Synth 8-3331] design tdata_design_1_axis_broadcaster_0_0 has unconnected port tdata[993]
WARNING: [Synth 8-3331] design tdata_design_1_axis_broadcaster_0_0 has unconnected port tdata[992]
WARNING: [Synth 8-3331] design tdata_design_1_axis_broadcaster_0_0 has unconnected port tdata[991]
WARNING: [Synth 8-3331] design tdata_design_1_axis_broadcaster_0_0 has unconnected port tdata[990]
WARNING: [Synth 8-3331] design tdata_design_1_axis_broadcaster_0_0 has unconnected port tdata[989]
WARNING: [Synth 8-3331] design tdata_design_1_axis_broadcaster_0_0 has unconnected port tdata[988]
WARNING: [Synth 8-3331] design tdata_design_1_axis_broadcaster_0_0 has unconnected port tdata[987]
WARNING: [Synth 8-3331] design tdata_design_1_axis_broadcaster_0_0 has unconnected port tdata[986]
WARNING: [Synth 8-3331] design tdata_design_1_axis_broadcaster_0_0 has unconnected port tdata[985]
WARNING: [Synth 8-3331] design tdata_design_1_axis_broadcaster_0_0 has unconnected port tdata[984]
WARNING: [Synth 8-3331] design tdata_design_1_axis_broadcaster_0_0 has unconnected port tdata[983]
WARNING: [Synth 8-3331] design tdata_design_1_axis_broadcaster_0_0 has unconnected port tdata[982]
WARNING: [Synth 8-3331] design tdata_design_1_axis_broadcaster_0_0 has unconnected port tdata[981]
WARNING: [Synth 8-3331] design tdata_design_1_axis_broadcaster_0_0 has unconnected port tdata[980]
WARNING: [Synth 8-3331] design tdata_design_1_axis_broadcaster_0_0 has unconnected port tdata[979]
WARNING: [Synth 8-3331] design tdata_design_1_axis_broadcaster_0_0 has unconnected port tdata[978]
WARNING: [Synth 8-3331] design tdata_design_1_axis_broadcaster_0_0 has unconnected port tdata[977]
WARNING: [Synth 8-3331] design tdata_design_1_axis_broadcaster_0_0 has unconnected port tdata[976]
WARNING: [Synth 8-3331] design tdata_design_1_axis_broadcaster_0_0 has unconnected port tdata[975]
WARNING: [Synth 8-3331] design tdata_design_1_axis_broadcaster_0_0 has unconnected port tdata[974]
WARNING: [Synth 8-3331] design tdata_design_1_axis_broadcaster_0_0 has unconnected port tdata[973]
WARNING: [Synth 8-3331] design tdata_design_1_axis_broadcaster_0_0 has unconnected port tdata[972]
WARNING: [Synth 8-3331] design tdata_design_1_axis_broadcaster_0_0 has unconnected port tdata[971]
WARNING: [Synth 8-3331] design tdata_design_1_axis_broadcaster_0_0 has unconnected port tdata[970]
WARNING: [Synth 8-3331] design tdata_design_1_axis_broadcaster_0_0 has unconnected port tdata[969]
WARNING: [Synth 8-3331] design tdata_design_1_axis_broadcaster_0_0 has unconnected port tdata[968]
WARNING: [Synth 8-3331] design tdata_design_1_axis_broadcaster_0_0 has unconnected port tdata[967]
WARNING: [Synth 8-3331] design tdata_design_1_axis_broadcaster_0_0 has unconnected port tdata[966]
WARNING: [Synth 8-3331] design tdata_design_1_axis_broadcaster_0_0 has unconnected port tdata[965]
WARNING: [Synth 8-3331] design tdata_design_1_axis_broadcaster_0_0 has unconnected port tdata[964]
WARNING: [Synth 8-3331] design tdata_design_1_axis_broadcaster_0_0 has unconnected port tdata[963]
WARNING: [Synth 8-3331] design tdata_design_1_axis_broadcaster_0_0 has unconnected port tdata[962]
WARNING: [Synth 8-3331] design tdata_design_1_axis_broadcaster_0_0 has unconnected port tdata[961]
WARNING: [Synth 8-3331] design tdata_design_1_axis_broadcaster_0_0 has unconnected port tdata[960]
WARNING: [Synth 8-3331] design tdata_design_1_axis_broadcaster_0_0 has unconnected port tdata[959]
WARNING: [Synth 8-3331] design tdata_design_1_axis_broadcaster_0_0 has unconnected port tdata[958]
WARNING: [Synth 8-3331] design tdata_design_1_axis_broadcaster_0_0 has unconnected port tdata[957]
WARNING: [Synth 8-3331] design tdata_design_1_axis_broadcaster_0_0 has unconnected port tdata[956]
WARNING: [Synth 8-3331] design tdata_design_1_axis_broadcaster_0_0 has unconnected port tdata[955]
WARNING: [Synth 8-3331] design tdata_design_1_axis_broadcaster_0_0 has unconnected port tdata[954]
WARNING: [Synth 8-3331] design tdata_design_1_axis_broadcaster_0_0 has unconnected port tdata[953]
WARNING: [Synth 8-3331] design tdata_design_1_axis_broadcaster_0_0 has unconnected port tdata[952]
WARNING: [Synth 8-3331] design tdata_design_1_axis_broadcaster_0_0 has unconnected port tdata[951]
WARNING: [Synth 8-3331] design tdata_design_1_axis_broadcaster_0_0 has unconnected port tdata[950]
WARNING: [Synth 8-3331] design tdata_design_1_axis_broadcaster_0_0 has unconnected port tdata[949]
WARNING: [Synth 8-3331] design tdata_design_1_axis_broadcaster_0_0 has unconnected port tdata[948]
WARNING: [Synth 8-3331] design tdata_design_1_axis_broadcaster_0_0 has unconnected port tdata[947]
WARNING: [Synth 8-3331] design tdata_design_1_axis_broadcaster_0_0 has unconnected port tdata[946]
WARNING: [Synth 8-3331] design tdata_design_1_axis_broadcaster_0_0 has unconnected port tdata[945]
WARNING: [Synth 8-3331] design tdata_design_1_axis_broadcaster_0_0 has unconnected port tdata[944]
WARNING: [Synth 8-3331] design tdata_design_1_axis_broadcaster_0_0 has unconnected port tdata[943]
WARNING: [Synth 8-3331] design tdata_design_1_axis_broadcaster_0_0 has unconnected port tdata[942]
WARNING: [Synth 8-3331] design tdata_design_1_axis_broadcaster_0_0 has unconnected port tdata[941]
WARNING: [Synth 8-3331] design tdata_design_1_axis_broadcaster_0_0 has unconnected port tdata[940]
WARNING: [Synth 8-3331] design tdata_design_1_axis_broadcaster_0_0 has unconnected port tdata[939]
WARNING: [Synth 8-3331] design tdata_design_1_axis_broadcaster_0_0 has unconnected port tdata[938]
WARNING: [Synth 8-3331] design tdata_design_1_axis_broadcaster_0_0 has unconnected port tdata[937]
WARNING: [Synth 8-3331] design tdata_design_1_axis_broadcaster_0_0 has unconnected port tdata[936]
WARNING: [Synth 8-3331] design tdata_design_1_axis_broadcaster_0_0 has unconnected port tdata[935]
WARNING: [Synth 8-3331] design tdata_design_1_axis_broadcaster_0_0 has unconnected port tdata[934]
WARNING: [Synth 8-3331] design tdata_design_1_axis_broadcaster_0_0 has unconnected port tdata[933]
WARNING: [Synth 8-3331] design tdata_design_1_axis_broadcaster_0_0 has unconnected port tdata[932]
INFO: [Common 17-14] Message 'Synth 8-3331' appears 100 times and further instances of the messages will be disabled. Use the Tcl command set_msg_config to change the current settings.
---------------------------------------------------------------------------------
Finished RTL Elaboration : Time (s): cpu = 00:00:02 ; elapsed = 00:00:03 . Memory (MB): peak = 2528.105 ; gain = 206.438 ; free physical = 38403 ; free virtual = 108233
---------------------------------------------------------------------------------

Report Check Netlist: 
+------+------------------+-------+---------+-------+------------------+
|      |Item              |Errors |Warnings |Status |Description       |
+------+------------------+-------+---------+-------+------------------+
|1     |multi_driven_nets |      0|        0|Passed |Multi driven nets |
+------+------------------+-------+---------+-------+------------------+
---------------------------------------------------------------------------------
Start Handling Custom Attributes
---------------------------------------------------------------------------------
---------------------------------------------------------------------------------
Finished Handling Custom Attributes : Time (s): cpu = 00:00:02 ; elapsed = 00:00:03 . Memory (MB): peak = 2532.074 ; gain = 210.406 ; free physical = 38398 ; free virtual = 108228
---------------------------------------------------------------------------------
---------------------------------------------------------------------------------
Finished RTL Optimization Phase 1 : Time (s): cpu = 00:00:02 ; elapsed = 00:00:03 . Memory (MB): peak = 2532.074 ; gain = 210.406 ; free physical = 38398 ; free virtual = 108228
---------------------------------------------------------------------------------
Netlist sorting complete. Time (s): cpu = 00:00:00.01 ; elapsed = 00:00:00.01 . Memory (MB): peak = 2532.074 ; gain = 0.000 ; free physical = 38396 ; free virtual = 108226
INFO: [Project 1-570] Preparing netlist for logic optimization

Processing XDC Constraints
Initializing timing engine
Parsing XDC File [/home/wisig/Videos/MTS/RFSoC-MTS/mts/mts.srcs/sources_1/bd/design_1/ip/design_1_axis_broadcaster_0_0/design_1_axis_broadcaster_0_0_ooc.xdc] for cell 'inst'
Finished Parsing XDC File [/home/wisig/Videos/MTS/RFSoC-MTS/mts/mts.srcs/sources_1/bd/design_1/ip/design_1_axis_broadcaster_0_0/design_1_axis_broadcaster_0_0_ooc.xdc] for cell 'inst'
Parsing XDC File [/home/wisig/Videos/MTS/RFSoC-MTS/mts/mts.runs/design_1_axis_broadcaster_0_0_synth_1/dont_touch.xdc]
Finished Parsing XDC File [/home/wisig/Videos/MTS/RFSoC-MTS/mts/mts.runs/design_1_axis_broadcaster_0_0_synth_1/dont_touch.xdc]
Completed Processing XDC Constraints

Netlist sorting complete. Time (s): cpu = 00:00:00 ; elapsed = 00:00:00 . Memory (MB): peak = 2673.762 ; gain = 0.000 ; free physical = 38397 ; free virtual = 108233
INFO: [Project 1-111] Unisim Transformation Summary:
No Unisim elements were transformed.

Constraint Validation Runtime : Time (s): cpu = 00:00:00.03 ; elapsed = 00:00:00.03 . Memory (MB): peak = 2673.762 ; gain = 0.000 ; free physical = 38397 ; free virtual = 108233
load diablo GTM unisim library
---------------------------------------------------------------------------------
Finished Constraint Validation : Time (s): cpu = 00:00:06 ; elapsed = 00:00:08 . Memory (MB): peak = 2673.762 ; gain = 352.094 ; free physical = 38348 ; free virtual = 108173
---------------------------------------------------------------------------------
---------------------------------------------------------------------------------
Start Loading Part and Timing Information
---------------------------------------------------------------------------------
Loading part: xczu28dr-ffvg1517-2-e
INFO: [Synth 8-6742] Reading net delay rules and data
---------------------------------------------------------------------------------
Finished Loading Part and Timing Information : Time (s): cpu = 00:00:06 ; elapsed = 00:00:08 . Memory (MB): peak = 2673.762 ; gain = 352.094 ; free physical = 38348 ; free virtual = 108173
---------------------------------------------------------------------------------
---------------------------------------------------------------------------------
Start Applying 'set_property' XDC Constraints
---------------------------------------------------------------------------------
Applied set_property DONT_TOUCH = true for inst. (constraint file  /home/wisig/Videos/MTS/RFSoC-MTS/mts/mts.runs/design_1_axis_broadcaster_0_0_synth_1/dont_touch.xdc, line 9).
---------------------------------------------------------------------------------
Finished applying 'set_property' XDC Constraints : Time (s): cpu = 00:00:06 ; elapsed = 00:00:08 . Memory (MB): peak = 2673.762 ; gain = 352.094 ; free physical = 38348 ; free virtual = 108173
---------------------------------------------------------------------------------
---------------------------------------------------------------------------------
Finished RTL Optimization Phase 2 : Time (s): cpu = 00:00:06 ; elapsed = 00:00:08 . Memory (MB): peak = 2673.762 ; gain = 352.094 ; free physical = 38340 ; free virtual = 108166
---------------------------------------------------------------------------------
INFO: [Synth 8-223] decloning instance 'inst/broadcaster_core/MI_SLOT[0].util_vector2axis' (axis_infrastructure_v1_1_0_util_vector2axis) to 'inst/broadcaster_core/MI_SLOT[1].util_vector2axis'
INFO: [Synth 8-223] decloning instance 'inst/broadcaster_core/MI_SLOT[0].util_vector2axis' (axis_infrastructure_v1_1_0_util_vector2axis) to 'inst/broadcaster_core/MI_SLOT[2].util_vector2axis'
INFO: [Synth 8-223] decloning instance 'inst/broadcaster_core/MI_SLOT[0].util_vector2axis' (axis_infrastructure_v1_1_0_util_vector2axis) to 'inst/broadcaster_core/MI_SLOT[3].util_vector2axis'
INFO: [Synth 8-223] decloning instance 'inst/broadcaster_core/MI_SLOT[0].util_vector2axis' (axis_infrastructure_v1_1_0_util_vector2axis) to 'inst/broadcaster_core/MI_SLOT[4].util_vector2axis'
INFO: [Synth 8-223] decloning instance 'inst/broadcaster_core/MI_SLOT[0].util_vector2axis' (axis_infrastructure_v1_1_0_util_vector2axis) to 'inst/broadcaster_core/MI_SLOT[5].util_vector2axis'
INFO: [Synth 8-223] decloning instance 'inst/broadcaster_core/MI_SLOT[0].util_vector2axis' (axis_infrastructure_v1_1_0_util_vector2axis) to 'inst/broadcaster_core/MI_SLOT[6].util_vector2axis'
INFO: [Synth 8-223] decloning instance 'inst/broadcaster_core/MI_SLOT[0].util_vector2axis' (axis_infrastructure_v1_1_0_util_vector2axis) to 'inst/broadcaster_core/MI_SLOT[7].util_vector2axis'

Report RTL Partitions: 
+-+--------------+------------+----------+
| |RTL Partition |Replication |Instances |
+-+--------------+------------+----------+
+-+--------------+------------+----------+
---------------------------------------------------------------------------------
Start RTL Component Statistics 
---------------------------------------------------------------------------------
Detailed RTL Component Info : 
+---Registers : 
	                8 Bit    Registers := 1     
+---Muxes : 
	   2 Input      1 Bit        Muxes := 1     
---------------------------------------------------------------------------------
Finished RTL Component Statistics 
---------------------------------------------------------------------------------
---------------------------------------------------------------------------------
Start RTL Hierarchical Component Statistics 
---------------------------------------------------------------------------------
Hierarchical RTL Component report 
Module axis_broadcaster_v1_1_19_core 
Detailed RTL Component Info : 
+---Registers : 
	                8 Bit    Registers := 1     
+---Muxes : 
	   2 Input      1 Bit        Muxes := 1     
---------------------------------------------------------------------------------
Finished RTL Hierarchical Component Statistics
---------------------------------------------------------------------------------
---------------------------------------------------------------------------------
Start Part Resource Summary
---------------------------------------------------------------------------------
Part Resources:
DSPs: 4272 (col length:192)
BRAMs: 2160 (col length: RAMB18 192 RAMB36 96)
---------------------------------------------------------------------------------
Finished Part Resource Summary
---------------------------------------------------------------------------------
---------------------------------------------------------------------------------
Start Cross Boundary and Area Optimization
---------------------------------------------------------------------------------
Warning: Parallel synthesis criteria is not met 
INFO: [Synth 8-3886] merging instance 'inst/broadcaster_core/m_ready_d_reg[0]' (FDRE) to 'inst/broadcaster_core/m_ready_d_reg[7]'
INFO: [Synth 8-3886] merging instance 'inst/broadcaster_core/m_ready_d_reg[1]' (FDRE) to 'inst/broadcaster_core/m_ready_d_reg[7]'
INFO: [Synth 8-3886] merging instance 'inst/broadcaster_core/m_ready_d_reg[2]' (FDRE) to 'inst/broadcaster_core/m_ready_d_reg[7]'
INFO: [Synth 8-3886] merging instance 'inst/broadcaster_core/m_ready_d_reg[3]' (FDRE) to 'inst/broadcaster_core/m_ready_d_reg[7]'
INFO: [Synth 8-3886] merging instance 'inst/broadcaster_core/m_ready_d_reg[4]' (FDRE) to 'inst/broadcaster_core/m_ready_d_reg[7]'
INFO: [Synth 8-3886] merging instance 'inst/broadcaster_core/m_ready_d_reg[5]' (FDRE) to 'inst/broadcaster_core/m_ready_d_reg[7]'
INFO: [Synth 8-3886] merging instance 'inst/broadcaster_core/m_ready_d_reg[6]' (FDRE) to 'inst/broadcaster_core/m_ready_d_reg[7]'
INFO: [Synth 8-3333] propagating constant 0 across sequential element (inst/\broadcaster_core/m_ready_d_reg[7] )
---------------------------------------------------------------------------------
Finished Cross Boundary and Area Optimization : Time (s): cpu = 00:00:06 ; elapsed = 00:00:09 . Memory (MB): peak = 2673.762 ; gain = 352.094 ; free physical = 38316 ; free virtual = 108145
---------------------------------------------------------------------------------

Report RTL Partitions: 
+-+--------------+------------+----------+
| |RTL Partition |Replication |Instances |
+-+--------------+------------+----------+
+-+--------------+------------+----------+
---------------------------------------------------------------------------------
Start Applying XDC Timing Constraints
---------------------------------------------------------------------------------
---------------------------------------------------------------------------------
Finished Applying XDC Timing Constraints : Time (s): cpu = 00:00:23 ; elapsed = 00:00:37 . Memory (MB): peak = 3013.387 ; gain = 691.719 ; free physical = 35549 ; free virtual = 105357
---------------------------------------------------------------------------------
---------------------------------------------------------------------------------
Start Timing Optimization
---------------------------------------------------------------------------------
---------------------------------------------------------------------------------
Finished Timing Optimization : Time (s): cpu = 00:00:23 ; elapsed = 00:00:37 . Memory (MB): peak = 3013.387 ; gain = 691.719 ; free physical = 35549 ; free virtual = 105357
---------------------------------------------------------------------------------

Report RTL Partitions: 
+-+--------------+------------+----------+
| |RTL Partition |Replication |Instances |
+-+--------------+------------+----------+
+-+--------------+------------+----------+
---------------------------------------------------------------------------------
Start Technology Mapping
---------------------------------------------------------------------------------
---------------------------------------------------------------------------------
Finished Technology Mapping : Time (s): cpu = 00:00:23 ; elapsed = 00:00:37 . Memory (MB): peak = 3023.402 ; gain = 701.734 ; free physical = 35540 ; free virtual = 105348
---------------------------------------------------------------------------------

Report RTL Partitions: 
+-+--------------+------------+----------+
| |RTL Partition |Replication |Instances |
+-+--------------+------------+----------+
+-+--------------+------------+----------+
---------------------------------------------------------------------------------
Start IO Insertion
---------------------------------------------------------------------------------
---------------------------------------------------------------------------------
Start Flattening Before IO Insertion
---------------------------------------------------------------------------------
---------------------------------------------------------------------------------
Finished Flattening Before IO Insertion
---------------------------------------------------------------------------------
---------------------------------------------------------------------------------
Start Final Netlist Cleanup
---------------------------------------------------------------------------------
---------------------------------------------------------------------------------
Finished Final Netlist Cleanup
---------------------------------------------------------------------------------
---------------------------------------------------------------------------------
Finished IO Insertion : Time (s): cpu = 00:00:24 ; elapsed = 00:00:38 . Memory (MB): peak = 3038.277 ; gain = 716.609 ; free physical = 35535 ; free virtual = 105343
---------------------------------------------------------------------------------
---------------------------------------------------------------------------------
Start Renaming Generated Instances
---------------------------------------------------------------------------------
---------------------------------------------------------------------------------
Finished Renaming Generated Instances : Time (s): cpu = 00:00:24 ; elapsed = 00:00:38 . Memory (MB): peak = 3038.277 ; gain = 716.609 ; free physical = 35535 ; free virtual = 105343
---------------------------------------------------------------------------------

Report RTL Partitions: 
+-+--------------+------------+----------+
| |RTL Partition |Replication |Instances |
+-+--------------+------------+----------+
+-+--------------+------------+----------+

Report Check Netlist: 
+------+------------------+-------+---------+-------+------------------+
|      |Item              |Errors |Warnings |Status |Description       |
+------+------------------+-------+---------+-------+------------------+
|1     |multi_driven_nets |      0|        0|Passed |Multi driven nets |
+------+------------------+-------+---------+-------+------------------+
---------------------------------------------------------------------------------
Start Rebuilding User Hierarchy
---------------------------------------------------------------------------------
---------------------------------------------------------------------------------
Finished Rebuilding User Hierarchy : Time (s): cpu = 00:00:24 ; elapsed = 00:00:38 . Memory (MB): peak = 3038.277 ; gain = 716.609 ; free physical = 35535 ; free virtual = 105343
---------------------------------------------------------------------------------
---------------------------------------------------------------------------------
Start Renaming Generated Ports
---------------------------------------------------------------------------------
---------------------------------------------------------------------------------
Finished Renaming Generated Ports : Time (s): cpu = 00:00:24 ; elapsed = 00:00:38 . Memory (MB): peak = 3038.277 ; gain = 716.609 ; free physical = 35535 ; free virtual = 105343
---------------------------------------------------------------------------------
---------------------------------------------------------------------------------
Start Handling Custom Attributes
---------------------------------------------------------------------------------
---------------------------------------------------------------------------------
Finished Handling Custom Attributes : Time (s): cpu = 00:00:24 ; elapsed = 00:00:38 . Memory (MB): peak = 3038.277 ; gain = 716.609 ; free physical = 35535 ; free virtual = 105343
---------------------------------------------------------------------------------
---------------------------------------------------------------------------------
Start Renaming Generated Nets
---------------------------------------------------------------------------------
---------------------------------------------------------------------------------
Finished Renaming Generated Nets : Time (s): cpu = 00:00:24 ; elapsed = 00:00:38 . Memory (MB): peak = 3038.277 ; gain = 716.609 ; free physical = 35535 ; free virtual = 105343
---------------------------------------------------------------------------------
---------------------------------------------------------------------------------
Start Writing Synthesis Report
---------------------------------------------------------------------------------

Report BlackBoxes: 
+-+--------------+----------+
| |BlackBox name |Instances |
+-+--------------+----------+
+-+--------------+----------+

Report Cell Usage: 
+-+-----+------+
| |Cell |Count |
+-+-----+------+
+-+-----+------+

Report Instance Areas: 
+------+---------+----------------------------------+------+
|      |Instance |Module                            |Cells |
+------+---------+----------------------------------+------+
|1     |top      |                                  |     0|
|2     |  inst   |top_design_1_axis_broadcaster_0_0 |     0|
+------+---------+----------------------------------+------+
---------------------------------------------------------------------------------
Finished Writing Synthesis Report : Time (s): cpu = 00:00:24 ; elapsed = 00:00:38 . Memory (MB): peak = 3038.277 ; gain = 716.609 ; free physical = 35535 ; free virtual = 105343
---------------------------------------------------------------------------------
Synthesis finished with 0 errors, 0 critical warnings and 44 warnings.
Synthesis Optimization Runtime : Time (s): cpu = 00:00:22 ; elapsed = 00:00:35 . Memory (MB): peak = 3038.277 ; gain = 574.922 ; free physical = 35535 ; free virtual = 105343
Synthesis Optimization Complete : Time (s): cpu = 00:00:24 ; elapsed = 00:00:38 . Memory (MB): peak = 3038.285 ; gain = 716.609 ; free physical = 35535 ; free virtual = 105343
INFO: [Project 1-571] Translating synthesized netlist
Netlist sorting complete. Time (s): cpu = 00:00:00 ; elapsed = 00:00:00 . Memory (MB): peak = 3038.285 ; gain = 0.000 ; free physical = 35605 ; free virtual = 105412
INFO: [Project 1-570] Preparing netlist for logic optimization
INFO: [Opt 31-138] Pushed 0 inverter(s) to 0 load pin(s).
Netlist sorting complete. Time (s): cpu = 00:00:00 ; elapsed = 00:00:00 . Memory (MB): peak = 3080.934 ; gain = 0.000 ; free physical = 35543 ; free virtual = 105351
INFO: [Project 1-111] Unisim Transformation Summary:
No Unisim elements were transformed.

INFO: [Common 17-83] Releasing license: Synthesis
41 Infos, 100 Warnings, 0 Critical Warnings and 0 Errors encountered.
synth_design completed successfully
synth_design: Time (s): cpu = 00:00:34 ; elapsed = 00:01:01 . Memory (MB): peak = 3092.902 ; gain = 1585.668 ; free physical = 35479 ; free virtual = 105287
Netlist sorting complete. Time (s): cpu = 00:00:00 ; elapsed = 00:00:00 . Memory (MB): peak = 3092.902 ; gain = 0.000 ; free physical = 35479 ; free virtual = 105287
WARNING: [Constraints 18-5210] No constraints selected for write.
Resolution: This message can indicate that there are no constraints for the design, or it can indicate that the used_in flags are set such that the constraints are ignored. This later case is used when running synth_design to not write synthesis constraints to the resulting checkpoint. Instead, project constraints are read when the synthesized design is opened.
INFO: [Common 17-1381] The checkpoint '/home/wisig/Videos/MTS/RFSoC-MTS/mts/mts.runs/design_1_axis_broadcaster_0_0_synth_1/design_1_axis_broadcaster_0_0.dcp' has been generated.
WARNING: [Common 17-576] 'use_project_ipc' is deprecated. This option is deprecated and no longer used.
INFO: [Coretcl 2-1648] Added synthesis output to IP cache for IP design_1_axis_broadcaster_0_0, cache-ID = c975fce909512d0f
Netlist sorting complete. Time (s): cpu = 00:00:00 ; elapsed = 00:00:00 . Memory (MB): peak = 3092.902 ; gain = 0.000 ; free physical = 35451 ; free virtual = 105259
WARNING: [Constraints 18-5210] No constraints selected for write.
Resolution: This message can indicate that there are no constraints for the design, or it can indicate that the used_in flags are set such that the constraints are ignored. This later case is used when running synth_design to not write synthesis constraints to the resulting checkpoint. Instead, project constraints are read when the synthesized design is opened.
INFO: [Common 17-1381] The checkpoint '/home/wisig/Videos/MTS/RFSoC-MTS/mts/mts.runs/design_1_axis_broadcaster_0_0_synth_1/design_1_axis_broadcaster_0_0.dcp' has been generated.
INFO: [runtcl-4] Executing : report_utilization -file design_1_axis_broadcaster_0_0_utilization_synth.rpt -pb design_1_axis_broadcaster_0_0_utilization_synth.pb
INFO: [Common 17-206] Exiting Vivado at Sun Sep 21 13:07:21 2025...
