
*** Running vivado
    with args -log design_1_axis_dwidth_converter_0_0.vds -m64 -product Vivado -mode batch -messageDb vivado.pb -notrace -source design_1_axis_dwidth_converter_0_0.tcl


****** Vivado v2019.2 (64-bit)
  **** SW Build 2708876 on Wed Nov  6 21:39:14 MST 2019
  **** IP Build 2700528 on Thu Nov  7 00:09:20 MST 2019
    ** Copyright 1986-2019 Xilinx, Inc. All Rights Reserved.

source design_1_axis_dwidth_converter_0_0.tcl -notrace
Command: synth_design -top design_1_axis_dwidth_converter_0_0 -part xczu28dr-ffvg1517-2-e -mode out_of_context
Starting synth_design
Attempting to get a license for feature 'Synthesis' and/or device 'xczu28dr'
INFO: [Common 17-349] Got license for feature 'Synthesis' and/or device 'xczu28dr'
INFO: [Common 17-1540] The version limit for your license is '2020.05' and has expired for new software. A version limit expiration means that, although you may be able to continue to use the current version of tools or IP with this license, you will not be eligible for any updates or new releases.
INFO: [Device 21-403] Loading part xczu28dr-ffvg1517-2-e
INFO: Launching helper process for spawning children vivado processes
INFO: Helper process launched with PID 321902 
load diablo GTM unisim library
---------------------------------------------------------------------------------
Starting RTL Elaboration : Time (s): cpu = 00:00:02 ; elapsed = 00:00:02 . Memory (MB): peak = 2469.391 ; gain = 148.688 ; free physical = 36458 ; free virtual = 106258
---------------------------------------------------------------------------------
INFO: [Synth 8-6157] synthesizing module 'design_1_axis_dwidth_converter_0_0' [/home/wisig/Videos/MTS/RFSoC-MTS/mts/mts.srcs/sources_1/bd/design_1/ip/design_1_axis_dwidth_converter_0_0/synth/design_1_axis_dwidth_converter_0_0.v:57]
INFO: [Synth 8-6157] synthesizing module 'axis_dwidth_converter_v1_1_19_axis_dwidth_converter' [/home/wisig/Videos/MTS/RFSoC-MTS/mts/mts.srcs/sources_1/bd/design_1/ipshared/f22d/hdl/axis_dwidth_converter_v1_1_vl_rfs.v:810]
	Parameter C_FAMILY bound to: zynquplus - type: string 
	Parameter C_S_AXIS_TDATA_WIDTH bound to: 256 - type: integer 
	Parameter C_M_AXIS_TDATA_WIDTH bound to: 128 - type: integer 
	Parameter C_AXIS_TID_WIDTH bound to: 1 - type: integer 
	Parameter C_AXIS_TDEST_WIDTH bound to: 1 - type: integer 
	Parameter C_S_AXIS_TUSER_WIDTH bound to: 1 - type: integer 
	Parameter C_M_AXIS_TUSER_WIDTH bound to: 1 - type: integer 
	Parameter C_AXIS_SIGNAL_SET bound to: 32'b00000000000000000000000000000011 
	Parameter G_INDX_SS_TREADY bound to: 0 - type: integer 
	Parameter G_INDX_SS_TDATA bound to: 1 - type: integer 
	Parameter G_INDX_SS_TSTRB bound to: 2 - type: integer 
	Parameter G_INDX_SS_TKEEP bound to: 3 - type: integer 
	Parameter G_INDX_SS_TLAST bound to: 4 - type: integer 
	Parameter G_INDX_SS_TID bound to: 5 - type: integer 
	Parameter G_INDX_SS_TDEST bound to: 6 - type: integer 
	Parameter G_INDX_SS_TUSER bound to: 7 - type: integer 
	Parameter G_MASK_SS_TREADY bound to: 1 - type: integer 
	Parameter G_MASK_SS_TDATA bound to: 2 - type: integer 
	Parameter G_MASK_SS_TSTRB bound to: 4 - type: integer 
	Parameter G_MASK_SS_TKEEP bound to: 8 - type: integer 
	Parameter G_MASK_SS_TLAST bound to: 16 - type: integer 
	Parameter G_MASK_SS_TID bound to: 32 - type: integer 
	Parameter G_MASK_SS_TDEST bound to: 64 - type: integer 
	Parameter G_MASK_SS_TUSER bound to: 128 - type: integer 
	Parameter G_TASK_SEVERITY_ERR bound to: 2 - type: integer 
	Parameter G_TASK_SEVERITY_WARNING bound to: 1 - type: integer 
	Parameter G_TASK_SEVERITY_INFO bound to: 0 - type: integer 
	Parameter P_SS_TKEEP_REQUIRED bound to: 0 - type: integer 
	Parameter P_AXIS_SIGNAL_SET bound to: 32'b00000000000000000000000000000011 
	Parameter P_S_RATIO bound to: 1 - type: integer 
	Parameter P_M_RATIO bound to: 2 - type: integer 
	Parameter P_D2_TDATA_WIDTH bound to: 256 - type: integer 
	Parameter P_D1_TUSER_WIDTH bound to: 32 - type: integer 
	Parameter P_D2_TUSER_WIDTH bound to: 32 - type: integer 
	Parameter P_D3_TUSER_WIDTH bound to: 16 - type: integer 
	Parameter P_D1_REG_CONFIG bound to: 0 - type: integer 
	Parameter P_D3_REG_CONFIG bound to: 0 - type: integer 
INFO: [Synth 8-6157] synthesizing module 'axis_dwidth_converter_v1_1_19_axisc_downsizer' [/home/wisig/Videos/MTS/RFSoC-MTS/mts/mts.srcs/sources_1/bd/design_1/ipshared/f22d/hdl/axis_dwidth_converter_v1_1_vl_rfs.v:62]
	Parameter C_FAMILY bound to: zynquplus - type: string 
	Parameter C_S_AXIS_TDATA_WIDTH bound to: 256 - type: integer 
	Parameter C_M_AXIS_TDATA_WIDTH bound to: 128 - type: integer 
	Parameter C_AXIS_TID_WIDTH bound to: 1 - type: integer 
	Parameter C_AXIS_TDEST_WIDTH bound to: 1 - type: integer 
	Parameter C_S_AXIS_TUSER_WIDTH bound to: 32 - type: integer 
	Parameter C_M_AXIS_TUSER_WIDTH bound to: 16 - type: integer 
	Parameter C_AXIS_SIGNAL_SET bound to: 32'b00000000000000000000000000000011 
	Parameter C_RATIO bound to: 2 - type: integer 
	Parameter G_INDX_SS_TREADY bound to: 0 - type: integer 
	Parameter G_INDX_SS_TDATA bound to: 1 - type: integer 
	Parameter G_INDX_SS_TSTRB bound to: 2 - type: integer 
	Parameter G_INDX_SS_TKEEP bound to: 3 - type: integer 
	Parameter G_INDX_SS_TLAST bound to: 4 - type: integer 
	Parameter G_INDX_SS_TID bound to: 5 - type: integer 
	Parameter G_INDX_SS_TDEST bound to: 6 - type: integer 
	Parameter G_INDX_SS_TUSER bound to: 7 - type: integer 
	Parameter G_MASK_SS_TREADY bound to: 1 - type: integer 
	Parameter G_MASK_SS_TDATA bound to: 2 - type: integer 
	Parameter G_MASK_SS_TSTRB bound to: 4 - type: integer 
	Parameter G_MASK_SS_TKEEP bound to: 8 - type: integer 
	Parameter G_MASK_SS_TLAST bound to: 16 - type: integer 
	Parameter G_MASK_SS_TID bound to: 32 - type: integer 
	Parameter G_MASK_SS_TDEST bound to: 64 - type: integer 
	Parameter G_MASK_SS_TUSER bound to: 128 - type: integer 
	Parameter G_TASK_SEVERITY_ERR bound to: 2 - type: integer 
	Parameter G_TASK_SEVERITY_WARNING bound to: 1 - type: integer 
	Parameter G_TASK_SEVERITY_INFO bound to: 0 - type: integer 
	Parameter P_S_AXIS_TSTRB_WIDTH bound to: 32 - type: integer 
	Parameter P_M_AXIS_TSTRB_WIDTH bound to: 16 - type: integer 
	Parameter P_RATIO_WIDTH bound to: 1 - type: integer 
	Parameter SM_RESET bound to: 3'b000 
	Parameter SM_IDLE bound to: 3'b001 
	Parameter SM_ACTIVE bound to: 3'b010 
	Parameter SM_END bound to: 3'b011 
	Parameter SM_END_TO_ACTIVE bound to: 3'b110 
INFO: [Synth 8-5534] Detected attribute (* fsm_encoding = "none" *) [/home/wisig/Videos/MTS/RFSoC-MTS/mts/mts.srcs/sources_1/bd/design_1/ipshared/f22d/hdl/axis_dwidth_converter_v1_1_vl_rfs.v:139]
WARNING: [Synth 8-6014] Unused sequential element r0_is_null_r_reg was removed.  [/home/wisig/Videos/MTS/RFSoC-MTS/mts/mts.srcs/sources_1/bd/design_1/ipshared/f22d/hdl/axis_dwidth_converter_v1_1_vl_rfs.v:311]
INFO: [Synth 8-6155] done synthesizing module 'axis_dwidth_converter_v1_1_19_axisc_downsizer' (1#1) [/home/wisig/Videos/MTS/RFSoC-MTS/mts/mts.srcs/sources_1/bd/design_1/ipshared/f22d/hdl/axis_dwidth_converter_v1_1_vl_rfs.v:62]
INFO: [Synth 8-6157] synthesizing module 'axis_register_slice_v1_1_20_axis_register_slice' [/home/wisig/Videos/MTS/RFSoC-MTS/mts/mts.srcs/sources_1/bd/design_1/ipshared/00d6/hdl/axis_register_slice_v1_1_vl_rfs.v:2844]
	Parameter C_FAMILY bound to: zynquplus - type: string 
	Parameter C_AXIS_TDATA_WIDTH bound to: 256 - type: integer 
	Parameter C_AXIS_TID_WIDTH bound to: 1 - type: integer 
	Parameter C_AXIS_TDEST_WIDTH bound to: 1 - type: integer 
	Parameter C_AXIS_TUSER_WIDTH bound to: 32 - type: integer 
	Parameter C_AXIS_SIGNAL_SET bound to: 32'b00000000000000000000000000000011 
	Parameter C_REG_CONFIG bound to: 0 - type: integer 
	Parameter C_NUM_SLR_CROSSINGS bound to: 0 - type: integer 
	Parameter C_PIPELINES_MASTER bound to: 0 - type: integer 
	Parameter C_PIPELINES_SLAVE bound to: 0 - type: integer 
	Parameter C_PIPELINES_MIDDLE bound to: 0 - type: integer 
	Parameter G_INDX_SS_TREADY bound to: 0 - type: integer 
	Parameter G_INDX_SS_TDATA bound to: 1 - type: integer 
	Parameter G_INDX_SS_TSTRB bound to: 2 - type: integer 
	Parameter G_INDX_SS_TKEEP bound to: 3 - type: integer 
	Parameter G_INDX_SS_TLAST bound to: 4 - type: integer 
	Parameter G_INDX_SS_TID bound to: 5 - type: integer 
	Parameter G_INDX_SS_TDEST bound to: 6 - type: integer 
	Parameter G_INDX_SS_TUSER bound to: 7 - type: integer 
	Parameter G_MASK_SS_TREADY bound to: 1 - type: integer 
	Parameter G_MASK_SS_TDATA bound to: 2 - type: integer 
	Parameter G_MASK_SS_TSTRB bound to: 4 - type: integer 
	Parameter G_MASK_SS_TKEEP bound to: 8 - type: integer 
	Parameter G_MASK_SS_TLAST bound to: 16 - type: integer 
	Parameter G_MASK_SS_TID bound to: 32 - type: integer 
	Parameter G_MASK_SS_TDEST bound to: 64 - type: integer 
	Parameter G_MASK_SS_TUSER bound to: 128 - type: integer 
	Parameter G_TASK_SEVERITY_ERR bound to: 2 - type: integer 
	Parameter G_TASK_SEVERITY_WARNING bound to: 1 - type: integer 
	Parameter G_TASK_SEVERITY_INFO bound to: 0 - type: integer 
	Parameter P_TPAYLOAD_WIDTH bound to: 256 - type: integer 
INFO: [Synth 8-6157] synthesizing module 'axis_infrastructure_v1_1_0_util_axis2vector' [/home/wisig/Videos/MTS/RFSoC-MTS/mts/mts.srcs/sources_1/bd/design_1/ipshared/8713/hdl/axis_infrastructure_v1_1_vl_rfs.v:810]
	Parameter C_TDATA_WIDTH bound to: 256 - type: integer 
	Parameter C_TID_WIDTH bound to: 1 - type: integer 
	Parameter C_TDEST_WIDTH bound to: 1 - type: integer 
	Parameter C_TUSER_WIDTH bound to: 32 - type: integer 
	Parameter C_TPAYLOAD_WIDTH bound to: 256 - type: integer 
	Parameter C_SIGNAL_SET bound to: 32'b00000000000000000000000000000011 
	Parameter G_INDX_SS_TREADY bound to: 0 - type: integer 
	Parameter G_INDX_SS_TDATA bound to: 1 - type: integer 
	Parameter G_INDX_SS_TSTRB bound to: 2 - type: integer 
	Parameter G_INDX_SS_TKEEP bound to: 3 - type: integer 
	Parameter G_INDX_SS_TLAST bound to: 4 - type: integer 
	Parameter G_INDX_SS_TID bound to: 5 - type: integer 
	Parameter G_INDX_SS_TDEST bound to: 6 - type: integer 
	Parameter G_INDX_SS_TUSER bound to: 7 - type: integer 
	Parameter G_MASK_SS_TREADY bound to: 1 - type: integer 
	Parameter G_MASK_SS_TDATA bound to: 2 - type: integer 
	Parameter G_MASK_SS_TSTRB bound to: 4 - type: integer 
	Parameter G_MASK_SS_TKEEP bound to: 8 - type: integer 
	Parameter G_MASK_SS_TLAST bound to: 16 - type: integer 
	Parameter G_MASK_SS_TID bound to: 32 - type: integer 
	Parameter G_MASK_SS_TDEST bound to: 64 - type: integer 
	Parameter G_MASK_SS_TUSER bound to: 128 - type: integer 
	Parameter G_TASK_SEVERITY_ERR bound to: 2 - type: integer 
	Parameter G_TASK_SEVERITY_WARNING bound to: 1 - type: integer 
	Parameter G_TASK_SEVERITY_INFO bound to: 0 - type: integer 
	Parameter P_TDATA_INDX bound to: 0 - type: integer 
	Parameter P_TSTRB_INDX bound to: 256 - type: integer 
	Parameter P_TKEEP_INDX bound to: 256 - type: integer 
	Parameter P_TLAST_INDX bound to: 256 - type: integer 
	Parameter P_TID_INDX bound to: 256 - type: integer 
	Parameter P_TDEST_INDX bound to: 256 - type: integer 
	Parameter P_TUSER_INDX bound to: 256 - type: integer 
INFO: [Synth 8-6155] done synthesizing module 'axis_infrastructure_v1_1_0_util_axis2vector' (2#1) [/home/wisig/Videos/MTS/RFSoC-MTS/mts/mts.srcs/sources_1/bd/design_1/ipshared/8713/hdl/axis_infrastructure_v1_1_vl_rfs.v:810]
INFO: [Synth 8-6157] synthesizing module 'axis_register_slice_v1_1_20_axisc_register_slice' [/home/wisig/Videos/MTS/RFSoC-MTS/mts/mts.srcs/sources_1/bd/design_1/ipshared/00d6/hdl/axis_register_slice_v1_1_vl_rfs.v:1942]
	Parameter C_FAMILY bound to: zynquplus - type: string 
	Parameter C_DATA_WIDTH bound to: 256 - type: integer 
	Parameter C_REG_CONFIG bound to: 0 - type: integer 
	Parameter C_NUM_SLR_CROSSINGS bound to: 0 - type: integer 
	Parameter C_PIPELINES_MASTER bound to: 0 - type: integer 
	Parameter C_PIPELINES_SLAVE bound to: 0 - type: integer 
	Parameter C_PIPELINES_MIDDLE bound to: 0 - type: integer 
INFO: [Synth 8-6155] done synthesizing module 'axis_register_slice_v1_1_20_axisc_register_slice' (3#1) [/home/wisig/Videos/MTS/RFSoC-MTS/mts/mts.srcs/sources_1/bd/design_1/ipshared/00d6/hdl/axis_register_slice_v1_1_vl_rfs.v:1942]
INFO: [Synth 8-6157] synthesizing module 'axis_infrastructure_v1_1_0_util_vector2axis' [/home/wisig/Videos/MTS/RFSoC-MTS/mts/mts.srcs/sources_1/bd/design_1/ipshared/8713/hdl/axis_infrastructure_v1_1_vl_rfs.v:992]
	Parameter C_TDATA_WIDTH bound to: 256 - type: integer 
	Parameter C_TID_WIDTH bound to: 1 - type: integer 
	Parameter C_TDEST_WIDTH bound to: 1 - type: integer 
	Parameter C_TUSER_WIDTH bound to: 32 - type: integer 
	Parameter C_TPAYLOAD_WIDTH bound to: 256 - type: integer 
	Parameter C_SIGNAL_SET bound to: 32'b00000000000000000000000000000011 
	Parameter G_INDX_SS_TREADY bound to: 0 - type: integer 
	Parameter G_INDX_SS_TDATA bound to: 1 - type: integer 
	Parameter G_INDX_SS_TSTRB bound to: 2 - type: integer 
	Parameter G_INDX_SS_TKEEP bound to: 3 - type: integer 
	Parameter G_INDX_SS_TLAST bound to: 4 - type: integer 
	Parameter G_INDX_SS_TID bound to: 5 - type: integer 
	Parameter G_INDX_SS_TDEST bound to: 6 - type: integer 
	Parameter G_INDX_SS_TUSER bound to: 7 - type: integer 
	Parameter G_MASK_SS_TREADY bound to: 1 - type: integer 
	Parameter G_MASK_SS_TDATA bound to: 2 - type: integer 
	Parameter G_MASK_SS_TSTRB bound to: 4 - type: integer 
	Parameter G_MASK_SS_TKEEP bound to: 8 - type: integer 
	Parameter G_MASK_SS_TLAST bound to: 16 - type: integer 
	Parameter G_MASK_SS_TID bound to: 32 - type: integer 
	Parameter G_MASK_SS_TDEST bound to: 64 - type: integer 
	Parameter G_MASK_SS_TUSER bound to: 128 - type: integer 
	Parameter G_TASK_SEVERITY_ERR bound to: 2 - type: integer 
	Parameter G_TASK_SEVERITY_WARNING bound to: 1 - type: integer 
	Parameter G_TASK_SEVERITY_INFO bound to: 0 - type: integer 
	Parameter P_TDATA_INDX bound to: 0 - type: integer 
	Parameter P_TSTRB_INDX bound to: 256 - type: integer 
	Parameter P_TKEEP_INDX bound to: 256 - type: integer 
	Parameter P_TLAST_INDX bound to: 256 - type: integer 
	Parameter P_TID_INDX bound to: 256 - type: integer 
	Parameter P_TDEST_INDX bound to: 256 - type: integer 
	Parameter P_TUSER_INDX bound to: 256 - type: integer 
INFO: [Synth 8-6155] done synthesizing module 'axis_infrastructure_v1_1_0_util_vector2axis' (4#1) [/home/wisig/Videos/MTS/RFSoC-MTS/mts/mts.srcs/sources_1/bd/design_1/ipshared/8713/hdl/axis_infrastructure_v1_1_vl_rfs.v:992]
INFO: [Synth 8-6155] done synthesizing module 'axis_register_slice_v1_1_20_axis_register_slice' (5#1) [/home/wisig/Videos/MTS/RFSoC-MTS/mts/mts.srcs/sources_1/bd/design_1/ipshared/00d6/hdl/axis_register_slice_v1_1_vl_rfs.v:2844]
INFO: [Synth 8-6157] synthesizing module 'axis_register_slice_v1_1_20_axis_register_slice__parameterized0' [/home/wisig/Videos/MTS/RFSoC-MTS/mts/mts.srcs/sources_1/bd/design_1/ipshared/00d6/hdl/axis_register_slice_v1_1_vl_rfs.v:2844]
	Parameter C_FAMILY bound to: zynquplus - type: string 
	Parameter C_AXIS_TDATA_WIDTH bound to: 128 - type: integer 
	Parameter C_AXIS_TID_WIDTH bound to: 1 - type: integer 
	Parameter C_AXIS_TDEST_WIDTH bound to: 1 - type: integer 
	Parameter C_AXIS_TUSER_WIDTH bound to: 16 - type: integer 
	Parameter C_AXIS_SIGNAL_SET bound to: 32'b00000000000000000000000000000011 
	Parameter C_REG_CONFIG bound to: 0 - type: integer 
	Parameter C_NUM_SLR_CROSSINGS bound to: 0 - type: integer 
	Parameter C_PIPELINES_MASTER bound to: 0 - type: integer 
	Parameter C_PIPELINES_SLAVE bound to: 0 - type: integer 
	Parameter C_PIPELINES_MIDDLE bound to: 0 - type: integer 
	Parameter G_INDX_SS_TREADY bound to: 0 - type: integer 
	Parameter G_INDX_SS_TDATA bound to: 1 - type: integer 
	Parameter G_INDX_SS_TSTRB bound to: 2 - type: integer 
	Parameter G_INDX_SS_TKEEP bound to: 3 - type: integer 
	Parameter G_INDX_SS_TLAST bound to: 4 - type: integer 
	Parameter G_INDX_SS_TID bound to: 5 - type: integer 
	Parameter G_INDX_SS_TDEST bound to: 6 - type: integer 
	Parameter G_INDX_SS_TUSER bound to: 7 - type: integer 
	Parameter G_MASK_SS_TREADY bound to: 1 - type: integer 
	Parameter G_MASK_SS_TDATA bound to: 2 - type: integer 
	Parameter G_MASK_SS_TSTRB bound to: 4 - type: integer 
	Parameter G_MASK_SS_TKEEP bound to: 8 - type: integer 
	Parameter G_MASK_SS_TLAST bound to: 16 - type: integer 
	Parameter G_MASK_SS_TID bound to: 32 - type: integer 
	Parameter G_MASK_SS_TDEST bound to: 64 - type: integer 
	Parameter G_MASK_SS_TUSER bound to: 128 - type: integer 
	Parameter G_TASK_SEVERITY_ERR bound to: 2 - type: integer 
	Parameter G_TASK_SEVERITY_WARNING bound to: 1 - type: integer 
	Parameter G_TASK_SEVERITY_INFO bound to: 0 - type: integer 
	Parameter P_TPAYLOAD_WIDTH bound to: 128 - type: integer 
INFO: [Synth 8-6157] synthesizing module 'axis_infrastructure_v1_1_0_util_axis2vector__parameterized0' [/home/wisig/Videos/MTS/RFSoC-MTS/mts/mts.srcs/sources_1/bd/design_1/ipshared/8713/hdl/axis_infrastructure_v1_1_vl_rfs.v:810]
	Parameter C_TDATA_WIDTH bound to: 128 - type: integer 
	Parameter C_TID_WIDTH bound to: 1 - type: integer 
	Parameter C_TDEST_WIDTH bound to: 1 - type: integer 
	Parameter C_TUSER_WIDTH bound to: 16 - type: integer 
	Parameter C_TPAYLOAD_WIDTH bound to: 128 - type: integer 
	Parameter C_SIGNAL_SET bound to: 32'b00000000000000000000000000000011 
	Parameter G_INDX_SS_TREADY bound to: 0 - type: integer 
	Parameter G_INDX_SS_TDATA bound to: 1 - type: integer 
	Parameter G_INDX_SS_TSTRB bound to: 2 - type: integer 
	Parameter G_INDX_SS_TKEEP bound to: 3 - type: integer 
	Parameter G_INDX_SS_TLAST bound to: 4 - type: integer 
	Parameter G_INDX_SS_TID bound to: 5 - type: integer 
	Parameter G_INDX_SS_TDEST bound to: 6 - type: integer 
	Parameter G_INDX_SS_TUSER bound to: 7 - type: integer 
	Parameter G_MASK_SS_TREADY bound to: 1 - type: integer 
	Parameter G_MASK_SS_TDATA bound to: 2 - type: integer 
	Parameter G_MASK_SS_TSTRB bound to: 4 - type: integer 
	Parameter G_MASK_SS_TKEEP bound to: 8 - type: integer 
	Parameter G_MASK_SS_TLAST bound to: 16 - type: integer 
	Parameter G_MASK_SS_TID bound to: 32 - type: integer 
	Parameter G_MASK_SS_TDEST bound to: 64 - type: integer 
	Parameter G_MASK_SS_TUSER bound to: 128 - type: integer 
	Parameter G_TASK_SEVERITY_ERR bound to: 2 - type: integer 
	Parameter G_TASK_SEVERITY_WARNING bound to: 1 - type: integer 
	Parameter G_TASK_SEVERITY_INFO bound to: 0 - type: integer 
	Parameter P_TDATA_INDX bound to: 0 - type: integer 
	Parameter P_TSTRB_INDX bound to: 128 - type: integer 
	Parameter P_TKEEP_INDX bound to: 128 - type: integer 
	Parameter P_TLAST_INDX bound to: 128 - type: integer 
	Parameter P_TID_INDX bound to: 128 - type: integer 
	Parameter P_TDEST_INDX bound to: 128 - type: integer 
	Parameter P_TUSER_INDX bound to: 128 - type: integer 
INFO: [Synth 8-6155] done synthesizing module 'axis_infrastructure_v1_1_0_util_axis2vector__parameterized0' (5#1) [/home/wisig/Videos/MTS/RFSoC-MTS/mts/mts.srcs/sources_1/bd/design_1/ipshared/8713/hdl/axis_infrastructure_v1_1_vl_rfs.v:810]
INFO: [Synth 8-6157] synthesizing module 'axis_register_slice_v1_1_20_axisc_register_slice__parameterized0' [/home/wisig/Videos/MTS/RFSoC-MTS/mts/mts.srcs/sources_1/bd/design_1/ipshared/00d6/hdl/axis_register_slice_v1_1_vl_rfs.v:1942]
	Parameter C_FAMILY bound to: zynquplus - type: string 
	Parameter C_DATA_WIDTH bound to: 128 - type: integer 
	Parameter C_REG_CONFIG bound to: 0 - type: integer 
	Parameter C_NUM_SLR_CROSSINGS bound to: 0 - type: integer 
	Parameter C_PIPELINES_MASTER bound to: 0 - type: integer 
	Parameter C_PIPELINES_SLAVE bound to: 0 - type: integer 
	Parameter C_PIPELINES_MIDDLE bound to: 0 - type: integer 
INFO: [Synth 8-6155] done synthesizing module 'axis_register_slice_v1_1_20_axisc_register_slice__parameterized0' (5#1) [/home/wisig/Videos/MTS/RFSoC-MTS/mts/mts.srcs/sources_1/bd/design_1/ipshared/00d6/hdl/axis_register_slice_v1_1_vl_rfs.v:1942]
INFO: [Synth 8-6157] synthesizing module 'axis_infrastructure_v1_1_0_util_vector2axis__parameterized0' [/home/wisig/Videos/MTS/RFSoC-MTS/mts/mts.srcs/sources_1/bd/design_1/ipshared/8713/hdl/axis_infrastructure_v1_1_vl_rfs.v:992]
	Parameter C_TDATA_WIDTH bound to: 128 - type: integer 
	Parameter C_TID_WIDTH bound to: 1 - type: integer 
	Parameter C_TDEST_WIDTH bound to: 1 - type: integer 
	Parameter C_TUSER_WIDTH bound to: 16 - type: integer 
	Parameter C_TPAYLOAD_WIDTH bound to: 128 - type: integer 
	Parameter C_SIGNAL_SET bound to: 32'b00000000000000000000000000000011 
	Parameter G_INDX_SS_TREADY bound to: 0 - type: integer 
	Parameter G_INDX_SS_TDATA bound to: 1 - type: integer 
	Parameter G_INDX_SS_TSTRB bound to: 2 - type: integer 
	Parameter G_INDX_SS_TKEEP bound to: 3 - type: integer 
	Parameter G_INDX_SS_TLAST bound to: 4 - type: integer 
	Parameter G_INDX_SS_TID bound to: 5 - type: integer 
	Parameter G_INDX_SS_TDEST bound to: 6 - type: integer 
	Parameter G_INDX_SS_TUSER bound to: 7 - type: integer 
	Parameter G_MASK_SS_TREADY bound to: 1 - type: integer 
	Parameter G_MASK_SS_TDATA bound to: 2 - type: integer 
	Parameter G_MASK_SS_TSTRB bound to: 4 - type: integer 
	Parameter G_MASK_SS_TKEEP bound to: 8 - type: integer 
	Parameter G_MASK_SS_TLAST bound to: 16 - type: integer 
	Parameter G_MASK_SS_TID bound to: 32 - type: integer 
	Parameter G_MASK_SS_TDEST bound to: 64 - type: integer 
	Parameter G_MASK_SS_TUSER bound to: 128 - type: integer 
	Parameter G_TASK_SEVERITY_ERR bound to: 2 - type: integer 
	Parameter G_TASK_SEVERITY_WARNING bound to: 1 - type: integer 
	Parameter G_TASK_SEVERITY_INFO bound to: 0 - type: integer 
	Parameter P_TDATA_INDX bound to: 0 - type: integer 
	Parameter P_TSTRB_INDX bound to: 128 - type: integer 
	Parameter P_TKEEP_INDX bound to: 128 - type: integer 
	Parameter P_TLAST_INDX bound to: 128 - type: integer 
	Parameter P_TID_INDX bound to: 128 - type: integer 
	Parameter P_TDEST_INDX bound to: 128 - type: integer 
	Parameter P_TUSER_INDX bound to: 128 - type: integer 
INFO: [Synth 8-6155] done synthesizing module 'axis_infrastructure_v1_1_0_util_vector2axis__parameterized0' (5#1) [/home/wisig/Videos/MTS/RFSoC-MTS/mts/mts.srcs/sources_1/bd/design_1/ipshared/8713/hdl/axis_infrastructure_v1_1_vl_rfs.v:992]
INFO: [Synth 8-6155] done synthesizing module 'axis_register_slice_v1_1_20_axis_register_slice__parameterized0' (5#1) [/home/wisig/Videos/MTS/RFSoC-MTS/mts/mts.srcs/sources_1/bd/design_1/ipshared/00d6/hdl/axis_register_slice_v1_1_vl_rfs.v:2844]
INFO: [Synth 8-6155] done synthesizing module 'axis_dwidth_converter_v1_1_19_axis_dwidth_converter' (6#1) [/home/wisig/Videos/MTS/RFSoC-MTS/mts/mts.srcs/sources_1/bd/design_1/ipshared/f22d/hdl/axis_dwidth_converter_v1_1_vl_rfs.v:810]
INFO: [Synth 8-6155] done synthesizing module 'design_1_axis_dwidth_converter_0_0' (7#1) [/home/wisig/Videos/MTS/RFSoC-MTS/mts/mts.srcs/sources_1/bd/design_1/ip/design_1_axis_dwidth_converter_0_0/synth/design_1_axis_dwidth_converter_0_0.v:57]
WARNING: [Synth 8-3331] design axis_register_slice_v1_1_20_axisc_register_slice__parameterized0 has unconnected port ACLK
WARNING: [Synth 8-3331] design axis_register_slice_v1_1_20_axisc_register_slice__parameterized0 has unconnected port ACLK2X
WARNING: [Synth 8-3331] design axis_register_slice_v1_1_20_axisc_register_slice__parameterized0 has unconnected port ARESET
WARNING: [Synth 8-3331] design axis_register_slice_v1_1_20_axisc_register_slice__parameterized0 has unconnected port ACLKEN
WARNING: [Synth 8-3331] design axis_infrastructure_v1_1_0_util_axis2vector__parameterized0 has unconnected port TSTRB[15]
WARNING: [Synth 8-3331] design axis_infrastructure_v1_1_0_util_axis2vector__parameterized0 has unconnected port TSTRB[14]
WARNING: [Synth 8-3331] design axis_infrastructure_v1_1_0_util_axis2vector__parameterized0 has unconnected port TSTRB[13]
WARNING: [Synth 8-3331] design axis_infrastructure_v1_1_0_util_axis2vector__parameterized0 has unconnected port TSTRB[12]
WARNING: [Synth 8-3331] design axis_infrastructure_v1_1_0_util_axis2vector__parameterized0 has unconnected port TSTRB[11]
WARNING: [Synth 8-3331] design axis_infrastructure_v1_1_0_util_axis2vector__parameterized0 has unconnected port TSTRB[10]
WARNING: [Synth 8-3331] design axis_infrastructure_v1_1_0_util_axis2vector__parameterized0 has unconnected port TSTRB[9]
WARNING: [Synth 8-3331] design axis_infrastructure_v1_1_0_util_axis2vector__parameterized0 has unconnected port TSTRB[8]
WARNING: [Synth 8-3331] design axis_infrastructure_v1_1_0_util_axis2vector__parameterized0 has unconnected port TSTRB[7]
WARNING: [Synth 8-3331] design axis_infrastructure_v1_1_0_util_axis2vector__parameterized0 has unconnected port TSTRB[6]
WARNING: [Synth 8-3331] design axis_infrastructure_v1_1_0_util_axis2vector__parameterized0 has unconnected port TSTRB[5]
WARNING: [Synth 8-3331] design axis_infrastructure_v1_1_0_util_axis2vector__parameterized0 has unconnected port TSTRB[4]
WARNING: [Synth 8-3331] design axis_infrastructure_v1_1_0_util_axis2vector__parameterized0 has unconnected port TSTRB[3]
WARNING: [Synth 8-3331] design axis_infrastructure_v1_1_0_util_axis2vector__parameterized0 has unconnected port TSTRB[2]
WARNING: [Synth 8-3331] design axis_infrastructure_v1_1_0_util_axis2vector__parameterized0 has unconnected port TSTRB[1]
WARNING: [Synth 8-3331] design axis_infrastructure_v1_1_0_util_axis2vector__parameterized0 has unconnected port TSTRB[0]
WARNING: [Synth 8-3331] design axis_infrastructure_v1_1_0_util_axis2vector__parameterized0 has unconnected port TKEEP[15]
WARNING: [Synth 8-3331] design axis_infrastructure_v1_1_0_util_axis2vector__parameterized0 has unconnected port TKEEP[14]
WARNING: [Synth 8-3331] design axis_infrastructure_v1_1_0_util_axis2vector__parameterized0 has unconnected port TKEEP[13]
WARNING: [Synth 8-3331] design axis_infrastructure_v1_1_0_util_axis2vector__parameterized0 has unconnected port TKEEP[12]
WARNING: [Synth 8-3331] design axis_infrastructure_v1_1_0_util_axis2vector__parameterized0 has unconnected port TKEEP[11]
WARNING: [Synth 8-3331] design axis_infrastructure_v1_1_0_util_axis2vector__parameterized0 has unconnected port TKEEP[10]
WARNING: [Synth 8-3331] design axis_infrastructure_v1_1_0_util_axis2vector__parameterized0 has unconnected port TKEEP[9]
WARNING: [Synth 8-3331] design axis_infrastructure_v1_1_0_util_axis2vector__parameterized0 has unconnected port TKEEP[8]
WARNING: [Synth 8-3331] design axis_infrastructure_v1_1_0_util_axis2vector__parameterized0 has unconnected port TKEEP[7]
WARNING: [Synth 8-3331] design axis_infrastructure_v1_1_0_util_axis2vector__parameterized0 has unconnected port TKEEP[6]
WARNING: [Synth 8-3331] design axis_infrastructure_v1_1_0_util_axis2vector__parameterized0 has unconnected port TKEEP[5]
WARNING: [Synth 8-3331] design axis_infrastructure_v1_1_0_util_axis2vector__parameterized0 has unconnected port TKEEP[4]
WARNING: [Synth 8-3331] design axis_infrastructure_v1_1_0_util_axis2vector__parameterized0 has unconnected port TKEEP[3]
WARNING: [Synth 8-3331] design axis_infrastructure_v1_1_0_util_axis2vector__parameterized0 has unconnected port TKEEP[2]
WARNING: [Synth 8-3331] design axis_infrastructure_v1_1_0_util_axis2vector__parameterized0 has unconnected port TKEEP[1]
WARNING: [Synth 8-3331] design axis_infrastructure_v1_1_0_util_axis2vector__parameterized0 has unconnected port TKEEP[0]
WARNING: [Synth 8-3331] design axis_infrastructure_v1_1_0_util_axis2vector__parameterized0 has unconnected port TLAST
WARNING: [Synth 8-3331] design axis_infrastructure_v1_1_0_util_axis2vector__parameterized0 has unconnected port TID[0]
WARNING: [Synth 8-3331] design axis_infrastructure_v1_1_0_util_axis2vector__parameterized0 has unconnected port TDEST[0]
WARNING: [Synth 8-3331] design axis_infrastructure_v1_1_0_util_axis2vector__parameterized0 has unconnected port TUSER[15]
WARNING: [Synth 8-3331] design axis_infrastructure_v1_1_0_util_axis2vector__parameterized0 has unconnected port TUSER[14]
WARNING: [Synth 8-3331] design axis_infrastructure_v1_1_0_util_axis2vector__parameterized0 has unconnected port TUSER[13]
WARNING: [Synth 8-3331] design axis_infrastructure_v1_1_0_util_axis2vector__parameterized0 has unconnected port TUSER[12]
WARNING: [Synth 8-3331] design axis_infrastructure_v1_1_0_util_axis2vector__parameterized0 has unconnected port TUSER[11]
WARNING: [Synth 8-3331] design axis_infrastructure_v1_1_0_util_axis2vector__parameterized0 has unconnected port TUSER[10]
WARNING: [Synth 8-3331] design axis_infrastructure_v1_1_0_util_axis2vector__parameterized0 has unconnected port TUSER[9]
WARNING: [Synth 8-3331] design axis_infrastructure_v1_1_0_util_axis2vector__parameterized0 has unconnected port TUSER[8]
WARNING: [Synth 8-3331] design axis_infrastructure_v1_1_0_util_axis2vector__parameterized0 has unconnected port TUSER[7]
WARNING: [Synth 8-3331] design axis_infrastructure_v1_1_0_util_axis2vector__parameterized0 has unconnected port TUSER[6]
WARNING: [Synth 8-3331] design axis_infrastructure_v1_1_0_util_axis2vector__parameterized0 has unconnected port TUSER[5]
WARNING: [Synth 8-3331] design axis_infrastructure_v1_1_0_util_axis2vector__parameterized0 has unconnected port TUSER[4]
WARNING: [Synth 8-3331] design axis_infrastructure_v1_1_0_util_axis2vector__parameterized0 has unconnected port TUSER[3]
WARNING: [Synth 8-3331] design axis_infrastructure_v1_1_0_util_axis2vector__parameterized0 has unconnected port TUSER[2]
WARNING: [Synth 8-3331] design axis_infrastructure_v1_1_0_util_axis2vector__parameterized0 has unconnected port TUSER[1]
WARNING: [Synth 8-3331] design axis_infrastructure_v1_1_0_util_axis2vector__parameterized0 has unconnected port TUSER[0]
WARNING: [Synth 8-3331] design axis_register_slice_v1_1_20_axisc_register_slice has unconnected port ACLK
WARNING: [Synth 8-3331] design axis_register_slice_v1_1_20_axisc_register_slice has unconnected port ACLK2X
WARNING: [Synth 8-3331] design axis_register_slice_v1_1_20_axisc_register_slice has unconnected port ARESET
WARNING: [Synth 8-3331] design axis_register_slice_v1_1_20_axisc_register_slice has unconnected port ACLKEN
WARNING: [Synth 8-3331] design axis_infrastructure_v1_1_0_util_axis2vector has unconnected port TSTRB[31]
WARNING: [Synth 8-3331] design axis_infrastructure_v1_1_0_util_axis2vector has unconnected port TSTRB[30]
WARNING: [Synth 8-3331] design axis_infrastructure_v1_1_0_util_axis2vector has unconnected port TSTRB[29]
WARNING: [Synth 8-3331] design axis_infrastructure_v1_1_0_util_axis2vector has unconnected port TSTRB[28]
WARNING: [Synth 8-3331] design axis_infrastructure_v1_1_0_util_axis2vector has unconnected port TSTRB[27]
WARNING: [Synth 8-3331] design axis_infrastructure_v1_1_0_util_axis2vector has unconnected port TSTRB[26]
WARNING: [Synth 8-3331] design axis_infrastructure_v1_1_0_util_axis2vector has unconnected port TSTRB[25]
WARNING: [Synth 8-3331] design axis_infrastructure_v1_1_0_util_axis2vector has unconnected port TSTRB[24]
WARNING: [Synth 8-3331] design axis_infrastructure_v1_1_0_util_axis2vector has unconnected port TSTRB[23]
WARNING: [Synth 8-3331] design axis_infrastructure_v1_1_0_util_axis2vector has unconnected port TSTRB[22]
WARNING: [Synth 8-3331] design axis_infrastructure_v1_1_0_util_axis2vector has unconnected port TSTRB[21]
WARNING: [Synth 8-3331] design axis_infrastructure_v1_1_0_util_axis2vector has unconnected port TSTRB[20]
WARNING: [Synth 8-3331] design axis_infrastructure_v1_1_0_util_axis2vector has unconnected port TSTRB[19]
WARNING: [Synth 8-3331] design axis_infrastructure_v1_1_0_util_axis2vector has unconnected port TSTRB[18]
WARNING: [Synth 8-3331] design axis_infrastructure_v1_1_0_util_axis2vector has unconnected port TSTRB[17]
WARNING: [Synth 8-3331] design axis_infrastructure_v1_1_0_util_axis2vector has unconnected port TSTRB[16]
WARNING: [Synth 8-3331] design axis_infrastructure_v1_1_0_util_axis2vector has unconnected port TSTRB[15]
WARNING: [Synth 8-3331] design axis_infrastructure_v1_1_0_util_axis2vector has unconnected port TSTRB[14]
WARNING: [Synth 8-3331] design axis_infrastructure_v1_1_0_util_axis2vector has unconnected port TSTRB[13]
WARNING: [Synth 8-3331] design axis_infrastructure_v1_1_0_util_axis2vector has unconnected port TSTRB[12]
WARNING: [Synth 8-3331] design axis_infrastructure_v1_1_0_util_axis2vector has unconnected port TSTRB[11]
WARNING: [Synth 8-3331] design axis_infrastructure_v1_1_0_util_axis2vector has unconnected port TSTRB[10]
WARNING: [Synth 8-3331] design axis_infrastructure_v1_1_0_util_axis2vector has unconnected port TSTRB[9]
WARNING: [Synth 8-3331] design axis_infrastructure_v1_1_0_util_axis2vector has unconnected port TSTRB[8]
WARNING: [Synth 8-3331] design axis_infrastructure_v1_1_0_util_axis2vector has unconnected port TSTRB[7]
WARNING: [Synth 8-3331] design axis_infrastructure_v1_1_0_util_axis2vector has unconnected port TSTRB[6]
WARNING: [Synth 8-3331] design axis_infrastructure_v1_1_0_util_axis2vector has unconnected port TSTRB[5]
WARNING: [Synth 8-3331] design axis_infrastructure_v1_1_0_util_axis2vector has unconnected port TSTRB[4]
WARNING: [Synth 8-3331] design axis_infrastructure_v1_1_0_util_axis2vector has unconnected port TSTRB[3]
WARNING: [Synth 8-3331] design axis_infrastructure_v1_1_0_util_axis2vector has unconnected port TSTRB[2]
WARNING: [Synth 8-3331] design axis_infrastructure_v1_1_0_util_axis2vector has unconnected port TSTRB[1]
WARNING: [Synth 8-3331] design axis_infrastructure_v1_1_0_util_axis2vector has unconnected port TSTRB[0]
WARNING: [Synth 8-3331] design axis_infrastructure_v1_1_0_util_axis2vector has unconnected port TKEEP[31]
WARNING: [Synth 8-3331] design axis_infrastructure_v1_1_0_util_axis2vector has unconnected port TKEEP[30]
WARNING: [Synth 8-3331] design axis_infrastructure_v1_1_0_util_axis2vector has unconnected port TKEEP[29]
WARNING: [Synth 8-3331] design axis_infrastructure_v1_1_0_util_axis2vector has unconnected port TKEEP[28]
WARNING: [Synth 8-3331] design axis_infrastructure_v1_1_0_util_axis2vector has unconnected port TKEEP[27]
WARNING: [Synth 8-3331] design axis_infrastructure_v1_1_0_util_axis2vector has unconnected port TKEEP[26]
WARNING: [Synth 8-3331] design axis_infrastructure_v1_1_0_util_axis2vector has unconnected port TKEEP[25]
WARNING: [Synth 8-3331] design axis_infrastructure_v1_1_0_util_axis2vector has unconnected port TKEEP[24]
WARNING: [Synth 8-3331] design axis_infrastructure_v1_1_0_util_axis2vector has unconnected port TKEEP[23]
INFO: [Common 17-14] Message 'Synth 8-3331' appears 100 times and further instances of the messages will be disabled. Use the Tcl command set_msg_config to change the current settings.
---------------------------------------------------------------------------------
Finished RTL Elaboration : Time (s): cpu = 00:00:02 ; elapsed = 00:00:03 . Memory (MB): peak = 2529.109 ; gain = 208.406 ; free physical = 36308 ; free virtual = 106109
---------------------------------------------------------------------------------

Report Check Netlist: 
+------+------------------+-------+---------+-------+------------------+
|      |Item              |Errors |Warnings |Status |Description       |
+------+------------------+-------+---------+-------+------------------+
|1     |multi_driven_nets |      0|        0|Passed |Multi driven nets |
+------+------------------+-------+---------+-------+------------------+
---------------------------------------------------------------------------------
Start Handling Custom Attributes
---------------------------------------------------------------------------------
---------------------------------------------------------------------------------
Finished Handling Custom Attributes : Time (s): cpu = 00:00:03 ; elapsed = 00:00:04 . Memory (MB): peak = 2536.047 ; gain = 215.344 ; free physical = 36308 ; free virtual = 106097
---------------------------------------------------------------------------------
---------------------------------------------------------------------------------
Finished RTL Optimization Phase 1 : Time (s): cpu = 00:00:03 ; elapsed = 00:00:04 . Memory (MB): peak = 2536.047 ; gain = 215.344 ; free physical = 36308 ; free virtual = 106097
---------------------------------------------------------------------------------
Netlist sorting complete. Time (s): cpu = 00:00:00.01 ; elapsed = 00:00:00.01 . Memory (MB): peak = 2536.047 ; gain = 0.000 ; free physical = 36293 ; free virtual = 106082
INFO: [Project 1-570] Preparing netlist for logic optimization

Processing XDC Constraints
Initializing timing engine
Parsing XDC File [/home/wisig/Videos/MTS/RFSoC-MTS/mts/mts.srcs/sources_1/bd/design_1/ip/design_1_axis_dwidth_converter_0_0/design_1_axis_dwidth_converter_0_0_ooc.xdc] for cell 'inst'
Finished Parsing XDC File [/home/wisig/Videos/MTS/RFSoC-MTS/mts/mts.srcs/sources_1/bd/design_1/ip/design_1_axis_dwidth_converter_0_0/design_1_axis_dwidth_converter_0_0_ooc.xdc] for cell 'inst'
Parsing XDC File [/home/wisig/Videos/MTS/RFSoC-MTS/mts/mts.runs/design_1_axis_dwidth_converter_0_0_synth_1/dont_touch.xdc]
Finished Parsing XDC File [/home/wisig/Videos/MTS/RFSoC-MTS/mts/mts.runs/design_1_axis_dwidth_converter_0_0_synth_1/dont_touch.xdc]
Completed Processing XDC Constraints

Netlist sorting complete. Time (s): cpu = 00:00:00 ; elapsed = 00:00:00 . Memory (MB): peak = 2721.641 ; gain = 0.000 ; free physical = 36170 ; free virtual = 105959
INFO: [Project 1-111] Unisim Transformation Summary:
No Unisim elements were transformed.

Constraint Validation Runtime : Time (s): cpu = 00:00:00.03 ; elapsed = 00:00:00.02 . Memory (MB): peak = 2721.641 ; gain = 0.000 ; free physical = 36170 ; free virtual = 105959
load diablo GTM unisim library
---------------------------------------------------------------------------------
Finished Constraint Validation : Time (s): cpu = 00:00:08 ; elapsed = 00:00:11 . Memory (MB): peak = 2721.641 ; gain = 400.938 ; free physical = 36009 ; free virtual = 105799
---------------------------------------------------------------------------------
---------------------------------------------------------------------------------
Start Loading Part and Timing Information
---------------------------------------------------------------------------------
Loading part: xczu28dr-ffvg1517-2-e
INFO: [Synth 8-6742] Reading net delay rules and data
---------------------------------------------------------------------------------
Finished Loading Part and Timing Information : Time (s): cpu = 00:00:08 ; elapsed = 00:00:11 . Memory (MB): peak = 2721.641 ; gain = 400.938 ; free physical = 36009 ; free virtual = 105799
---------------------------------------------------------------------------------
---------------------------------------------------------------------------------
Start Applying 'set_property' XDC Constraints
---------------------------------------------------------------------------------
Applied set_property DONT_TOUCH = true for inst. (constraint file  /home/wisig/Videos/MTS/RFSoC-MTS/mts/mts.runs/design_1_axis_dwidth_converter_0_0_synth_1/dont_touch.xdc, line 9).
---------------------------------------------------------------------------------
Finished applying 'set_property' XDC Constraints : Time (s): cpu = 00:00:08 ; elapsed = 00:00:11 . Memory (MB): peak = 2721.641 ; gain = 400.938 ; free physical = 36009 ; free virtual = 105799
---------------------------------------------------------------------------------
INFO: [Synth 8-4490] FSM extraction disabled for register 'state_reg' through user attribute
---------------------------------------------------------------------------------
Finished RTL Optimization Phase 2 : Time (s): cpu = 00:00:09 ; elapsed = 00:00:11 . Memory (MB): peak = 2721.641 ; gain = 400.938 ; free physical = 36007 ; free virtual = 105800
---------------------------------------------------------------------------------

Report RTL Partitions: 
+-+--------------+------------+----------+
| |RTL Partition |Replication |Instances |
+-+--------------+------------+----------+
+-+--------------+------------+----------+
---------------------------------------------------------------------------------
Start RTL Component Statistics 
---------------------------------------------------------------------------------
Detailed RTL Component Info : 
+---Adders : 
	   2 Input      1 Bit       Adders := 1     
+---Registers : 
	              256 Bit    Registers := 1     
	              128 Bit    Registers := 1     
	               32 Bit    Registers := 3     
	               16 Bit    Registers := 3     
	                3 Bit    Registers := 1     
	                1 Bit    Registers := 11    
+---Muxes : 
	   4 Input      3 Bit        Muxes := 1     
	   2 Input      3 Bit        Muxes := 1     
	   2 Input      2 Bit        Muxes := 1     
	   2 Input      1 Bit        Muxes := 3     
---------------------------------------------------------------------------------
Finished RTL Component Statistics 
---------------------------------------------------------------------------------
---------------------------------------------------------------------------------
Start RTL Hierarchical Component Statistics 
---------------------------------------------------------------------------------
Hierarchical RTL Component report 
Module axis_dwidth_converter_v1_1_19_axisc_downsizer 
Detailed RTL Component Info : 
+---Adders : 
	   2 Input      1 Bit       Adders := 1     
+---Registers : 
	              256 Bit    Registers := 1     
	              128 Bit    Registers := 1     
	               32 Bit    Registers := 3     
	               16 Bit    Registers := 3     
	                3 Bit    Registers := 1     
	                1 Bit    Registers := 8     
+---Muxes : 
	   4 Input      3 Bit        Muxes := 1     
	   2 Input      3 Bit        Muxes := 1     
	   2 Input      2 Bit        Muxes := 1     
	   2 Input      1 Bit        Muxes := 3     
Module axis_register_slice_v1_1_20_axis_register_slice 
Detailed RTL Component Info : 
+---Registers : 
	                1 Bit    Registers := 1     
Module axis_register_slice_v1_1_20_axis_register_slice__parameterized0 
Detailed RTL Component Info : 
+---Registers : 
	                1 Bit    Registers := 1     
Module axis_dwidth_converter_v1_1_19_axis_dwidth_converter 
Detailed RTL Component Info : 
+---Registers : 
	                1 Bit    Registers := 1     
---------------------------------------------------------------------------------
Finished RTL Hierarchical Component Statistics
---------------------------------------------------------------------------------
---------------------------------------------------------------------------------
Start Part Resource Summary
---------------------------------------------------------------------------------
Part Resources:
DSPs: 4272 (col length:192)
BRAMs: 2160 (col length: RAMB18 192 RAMB36 96)
---------------------------------------------------------------------------------
Finished Part Resource Summary
---------------------------------------------------------------------------------
---------------------------------------------------------------------------------
Start Cross Boundary and Area Optimization
---------------------------------------------------------------------------------
Warning: Parallel synthesis criteria is not met 
---------------------------------------------------------------------------------
Finished Cross Boundary and Area Optimization : Time (s): cpu = 00:00:09 ; elapsed = 00:00:12 . Memory (MB): peak = 2721.641 ; gain = 400.938 ; free physical = 35998 ; free virtual = 105795
---------------------------------------------------------------------------------

Report RTL Partitions: 
+-+--------------+------------+----------+
| |RTL Partition |Replication |Instances |
+-+--------------+------------+----------+
+-+--------------+------------+----------+
---------------------------------------------------------------------------------
Start Applying XDC Timing Constraints
---------------------------------------------------------------------------------
---------------------------------------------------------------------------------
Finished Applying XDC Timing Constraints : Time (s): cpu = 00:00:26 ; elapsed = 00:00:40 . Memory (MB): peak = 3026.328 ; gain = 705.625 ; free physical = 38718 ; free virtual = 108490
---------------------------------------------------------------------------------
---------------------------------------------------------------------------------
Start Timing Optimization
---------------------------------------------------------------------------------
---------------------------------------------------------------------------------
Finished Timing Optimization : Time (s): cpu = 00:00:26 ; elapsed = 00:00:40 . Memory (MB): peak = 3037.344 ; gain = 716.641 ; free physical = 38711 ; free virtual = 108483
---------------------------------------------------------------------------------

Report RTL Partitions: 
+-+--------------+------------+----------+
| |RTL Partition |Replication |Instances |
+-+--------------+------------+----------+
+-+--------------+------------+----------+
---------------------------------------------------------------------------------
Start Technology Mapping
---------------------------------------------------------------------------------
---------------------------------------------------------------------------------
Finished Technology Mapping : Time (s): cpu = 00:00:26 ; elapsed = 00:00:40 . Memory (MB): peak = 3038.344 ; gain = 717.641 ; free physical = 38799 ; free virtual = 108571
---------------------------------------------------------------------------------

Report RTL Partitions: 
+-+--------------+------------+----------+
| |RTL Partition |Replication |Instances |
+-+--------------+------------+----------+
+-+--------------+------------+----------+
---------------------------------------------------------------------------------
Start IO Insertion
---------------------------------------------------------------------------------
---------------------------------------------------------------------------------
Start Flattening Before IO Insertion
---------------------------------------------------------------------------------
---------------------------------------------------------------------------------
Finished Flattening Before IO Insertion
---------------------------------------------------------------------------------
---------------------------------------------------------------------------------
Start Final Netlist Cleanup
---------------------------------------------------------------------------------
---------------------------------------------------------------------------------
Finished Final Netlist Cleanup
---------------------------------------------------------------------------------
---------------------------------------------------------------------------------
Finished IO Insertion : Time (s): cpu = 00:00:27 ; elapsed = 00:00:41 . Memory (MB): peak = 3052.219 ; gain = 731.516 ; free physical = 38792 ; free virtual = 108596
---------------------------------------------------------------------------------
---------------------------------------------------------------------------------
Start Renaming Generated Instances
---------------------------------------------------------------------------------
---------------------------------------------------------------------------------
Finished Renaming Generated Instances : Time (s): cpu = 00:00:27 ; elapsed = 00:00:41 . Memory (MB): peak = 3052.219 ; gain = 731.516 ; free physical = 38792 ; free virtual = 108596
---------------------------------------------------------------------------------

Report RTL Partitions: 
+-+--------------+------------+----------+
| |RTL Partition |Replication |Instances |
+-+--------------+------------+----------+
+-+--------------+------------+----------+

Report Check Netlist: 
+------+------------------+-------+---------+-------+------------------+
|      |Item              |Errors |Warnings |Status |Description       |
+------+------------------+-------+---------+-------+------------------+
|1     |multi_driven_nets |      0|        0|Passed |Multi driven nets |
+------+------------------+-------+---------+-------+------------------+
---------------------------------------------------------------------------------
Start Rebuilding User Hierarchy
---------------------------------------------------------------------------------
---------------------------------------------------------------------------------
Finished Rebuilding User Hierarchy : Time (s): cpu = 00:00:27 ; elapsed = 00:00:41 . Memory (MB): peak = 3052.219 ; gain = 731.516 ; free physical = 38792 ; free virtual = 108596
---------------------------------------------------------------------------------
---------------------------------------------------------------------------------
Start Renaming Generated Ports
---------------------------------------------------------------------------------
---------------------------------------------------------------------------------
Finished Renaming Generated Ports : Time (s): cpu = 00:00:27 ; elapsed = 00:00:41 . Memory (MB): peak = 3052.219 ; gain = 731.516 ; free physical = 38792 ; free virtual = 108596
---------------------------------------------------------------------------------
---------------------------------------------------------------------------------
Start Handling Custom Attributes
---------------------------------------------------------------------------------
---------------------------------------------------------------------------------
Finished Handling Custom Attributes : Time (s): cpu = 00:00:27 ; elapsed = 00:00:41 . Memory (MB): peak = 3052.219 ; gain = 731.516 ; free physical = 38792 ; free virtual = 108596
---------------------------------------------------------------------------------
---------------------------------------------------------------------------------
Start Renaming Generated Nets
---------------------------------------------------------------------------------
---------------------------------------------------------------------------------
Finished Renaming Generated Nets : Time (s): cpu = 00:00:27 ; elapsed = 00:00:41 . Memory (MB): peak = 3052.219 ; gain = 731.516 ; free physical = 38792 ; free virtual = 108596
---------------------------------------------------------------------------------
---------------------------------------------------------------------------------
Start Writing Synthesis Report
---------------------------------------------------------------------------------

Report BlackBoxes: 
+-+--------------+----------+
| |BlackBox name |Instances |
+-+--------------+----------+
+-+--------------+----------+

Report Cell Usage: 
+------+-----+------+
|      |Cell |Count |
+------+-----+------+
|1     |LUT1 |     1|
|2     |LUT3 |   130|
|3     |LUT4 |     1|
|4     |LUT5 |     4|
|5     |FDRE |   389|
+------+-----+------+

Report Instance Areas: 
+------+-------------------------------------------------+----------------------------------------------------+------+
|      |Instance                                         |Module                                              |Cells |
+------+-------------------------------------------------+----------------------------------------------------+------+
|1     |top                                              |                                                    |   525|
|2     |  inst                                           |axis_dwidth_converter_v1_1_19_axis_dwidth_converter |   525|
|3     |    \gen_downsizer_conversion.axisc_downsizer_0  |axis_dwidth_converter_v1_1_19_axisc_downsizer       |   523|
+------+-------------------------------------------------+----------------------------------------------------+------+
---------------------------------------------------------------------------------
Finished Writing Synthesis Report : Time (s): cpu = 00:00:27 ; elapsed = 00:00:41 . Memory (MB): peak = 3052.219 ; gain = 731.516 ; free physical = 38792 ; free virtual = 108596
---------------------------------------------------------------------------------
Synthesis finished with 0 errors, 0 critical warnings and 68 warnings.
Synthesis Optimization Runtime : Time (s): cpu = 00:00:22 ; elapsed = 00:00:35 . Memory (MB): peak = 3052.219 ; gain = 545.922 ; free physical = 38790 ; free virtual = 108595
Synthesis Optimization Complete : Time (s): cpu = 00:00:27 ; elapsed = 00:00:41 . Memory (MB): peak = 3052.227 ; gain = 731.516 ; free physical = 38790 ; free virtual = 108595
INFO: [Project 1-571] Translating synthesized netlist
Netlist sorting complete. Time (s): cpu = 00:00:00 ; elapsed = 00:00:00.01 . Memory (MB): peak = 3067.156 ; gain = 0.000 ; free physical = 38887 ; free virtual = 108684
INFO: [Project 1-570] Preparing netlist for logic optimization
INFO: [Opt 31-138] Pushed 0 inverter(s) to 0 load pin(s).
Netlist sorting complete. Time (s): cpu = 00:00:00 ; elapsed = 00:00:00 . Memory (MB): peak = 3125.953 ; gain = 0.000 ; free physical = 38810 ; free virtual = 108619
INFO: [Project 1-111] Unisim Transformation Summary:
No Unisim elements were transformed.

INFO: [Common 17-83] Releasing license: Synthesis
36 Infos, 101 Warnings, 0 Critical Warnings and 0 Errors encountered.
synth_design completed successfully
synth_design: Time (s): cpu = 00:00:36 ; elapsed = 00:01:03 . Memory (MB): peak = 3125.953 ; gain = 1618.715 ; free physical = 38853 ; free virtual = 108663
Netlist sorting complete. Time (s): cpu = 00:00:00 ; elapsed = 00:00:00 . Memory (MB): peak = 3125.953 ; gain = 0.000 ; free physical = 38853 ; free virtual = 108663
WARNING: [Constraints 18-5210] No constraints selected for write.
Resolution: This message can indicate that there are no constraints for the design, or it can indicate that the used_in flags are set such that the constraints are ignored. This later case is used when running synth_design to not write synthesis constraints to the resulting checkpoint. Instead, project constraints are read when the synthesized design is opened.
INFO: [Common 17-1381] The checkpoint '/home/wisig/Videos/MTS/RFSoC-MTS/mts/mts.runs/design_1_axis_dwidth_converter_0_0_synth_1/design_1_axis_dwidth_converter_0_0.dcp' has been generated.
WARNING: [Common 17-576] 'use_project_ipc' is deprecated. This option is deprecated and no longer used.
INFO: [Coretcl 2-1648] Added synthesis output to IP cache for IP design_1_axis_dwidth_converter_0_0, cache-ID = 34c8c05216699e71
INFO: [Coretcl 2-1174] Renamed 2 cell refs.
Netlist sorting complete. Time (s): cpu = 00:00:00 ; elapsed = 00:00:00 . Memory (MB): peak = 3149.965 ; gain = 0.000 ; free physical = 38836 ; free virtual = 108646
WARNING: [Constraints 18-5210] No constraints selected for write.
Resolution: This message can indicate that there are no constraints for the design, or it can indicate that the used_in flags are set such that the constraints are ignored. This later case is used when running synth_design to not write synthesis constraints to the resulting checkpoint. Instead, project constraints are read when the synthesized design is opened.
INFO: [Common 17-1381] The checkpoint '/home/wisig/Videos/MTS/RFSoC-MTS/mts/mts.runs/design_1_axis_dwidth_converter_0_0_synth_1/design_1_axis_dwidth_converter_0_0.dcp' has been generated.
INFO: [runtcl-4] Executing : report_utilization -file design_1_axis_dwidth_converter_0_0_utilization_synth.rpt -pb design_1_axis_dwidth_converter_0_0_utilization_synth.pb
INFO: [Common 17-206] Exiting Vivado at Sun Sep 21 13:07:44 2025...
